2.3219610000 -1.3405850000 0.0000000000
0.0000000000 2.6811690000 0.0000000000
0.0000000000 0.0000000000 4.3562440000
    0.3333333400 0.6666666600 0.0000000000 Be
    0.6666666600 0.3333333400 0.5000000000 Be
    0.3333333400 0.6666666600 0.3775564600 O
    0.6666666600 0.3333333400 0.8775564600 O
           3.077     0.000     0.000
           0.000     3.077     0.000
           0.000     0.000     3.142
 ion    1
    1     1.77928     0.00000     0.00114
    2     0.00068     1.77980    -0.00002
    3     0.00000     0.00000     1.83915
 ion    2
    1     1.78059     0.00000    -0.00124
    2    -0.00068     1.77980    -0.00002
    3     0.00000     0.00000     1.83915
 ion    3
    1    -1.78412     0.00000     0.00005
    2     0.00377    -1.78027     0.00003
    3     0.00000     0.00000    -1.83958
 ion    4
    1    -1.77660     0.00000     0.00006
    2    -0.00377    -1.78027     0.00003
    3     0.00000     0.00000    -1.83958
