   6.595228    0.000000    0.000000
   0.000000    6.595228    0.000000
   3.297614    3.297614    2.978967
  0.8055236038914444  0.8715170423877581  0.3889527922161093	O
  0.8055236038914444  0.2395301653961326  0.3889527922161093	O
  0.7395301653961326  0.3055236038914444  0.8889527922161093	O
  0.3715170423877581  0.3055236038914444  0.8889527922161093	O
  0.1944763961085556  0.7604698346038674  0.6110472077838907	O
  0.1944763961085556  0.1284829576122419  0.6110472077838907	O
  0.2604698346038674  0.6944763961085556  0.1110472077838907	O
  0.6284829576122419  0.6944763961085556  0.1110472077838907	O
  0.6250000000000000  0.8750000000000000  0.7500000000000000	Si
  0.3750000000000000  0.1250000000000000  0.2500000000000000	Si
  0.8750000000000000  0.6250000000000000  0.2500000000000000	Zr
  0.1250000000000000  0.3750000000000000  0.7500000000000000	Zr
           4.122     0.000     0.000
           0.000     4.122     0.000
           0.000     0.000     4.343
 ion    1
    1    -1.30150    -0.00055    -0.00099
    2     0.00000    -3.28020    -0.35015
    3     0.00000    -0.15188    -2.25532
 ion    2
    1    -1.30150     0.00055    -0.00099
    2     0.00000    -3.28137     0.35081
    3     0.00000     0.15188    -2.25532
 ion    3
    1    -3.28091     0.00000     0.35168
    2     0.00096    -1.30211    -0.00003
    3     0.15188     0.00000    -2.25532
 ion    4
    1    -3.28077     0.00000    -0.34906
    2    -0.00096    -1.30211    -0.00003
    3    -0.15188     0.00000    -2.25532
 ion    5
    1    -1.30150    -0.00055     0.00099
    2     0.00000    -3.28020     0.35015
    3     0.00000     0.15214    -2.25554
 ion    6
    1    -1.30150     0.00055     0.00099
    2     0.00000    -3.28137    -0.35081
    3     0.00000    -0.15214    -2.25554
 ion    7
    1    -3.28077     0.00000     0.34906
    2    -0.00096    -1.30211     0.00003
    3     0.15214     0.00000    -2.25554
 ion    8
    1    -3.28091     0.00000    -0.35168
    2     0.00096    -1.30211     0.00003
    3    -0.15214     0.00000    -2.25554
 ion    9
    1     3.17534     0.00000     0.00151
    2     0.00000     3.17440     0.00358
    3     0.00000     0.00000     4.43581
 ion   10
    1     3.17534     0.00000    -0.00151
    2     0.00000     3.17440    -0.00358
    3     0.00000     0.00000     4.43581
 ion   11
    1     5.55682     0.00000     0.00115
    2     0.00000     5.55454     0.00255
    3     0.00000     0.00000     4.57876
 ion   12
    1     5.55682     0.00000    -0.00115
    2     0.00000     5.55454    -0.00255
    3     0.00000     0.00000     4.57876
