   9.159900    0.000000    0.000000
   0.000000    9.159900    0.000000
   0.000000    0.000000    9.159900
  0.0568362547992294  0.2964825892124594  0.0592276550697193	O
  0.4431637452007706  0.7035174107875477  0.5592276550697193	O
  0.9431637452007706  0.7964825892124523  0.4407723449302807	O
  0.5568362547992294  0.2035174107875406  0.9407723449302807	O
  0.0592276550697193  0.0568362547992294  0.2964825892124594	O
  0.5592276550697193  0.4431637452007706  0.7035174107875477	O
  0.4407723449302807  0.9431637452007706  0.7964825892124523	O
  0.9407723449302807  0.5568362547992294  0.2035174107875406	O
  0.2964825892124594  0.0592276550697193  0.0568362547992294	O
  0.7035174107875477  0.5592276550697193  0.4431637452007706	O
  0.7964825892124523  0.4407723449302807  0.9431637452007706	O
  0.2035174107875406  0.9407723449302807  0.5568362547992294	O
  0.0501303738031709  0.2184630707207589  0.5635399312548373	O
  0.4498696261968362  0.7815369292792411  0.0635399312548373	O
  0.9498696261968291  0.7184630707207589  0.9364600687451627	O
  0.5501303738031709  0.2815369292792411  0.4364600687451627	O
  0.5635399312548373  0.0501303738031709  0.2184630707207589	O
  0.0635399312548373  0.4498696261968362  0.7815369292792411	O
  0.9364600687451627  0.9498696261968291  0.7184630707207589	O
  0.4364600687451627  0.5501303738031709  0.2815369292792411	O
  0.2184630707207589  0.5635399312548373  0.0501303738031709	O
  0.7815369292792411  0.0635399312548373  0.4498696261968362	O
  0.7184630707207589  0.9364600687451627  0.9498696261968291	O
  0.2815369292792411  0.4364600687451627  0.5501303738031709	O
  0.0154940612655423  0.0154940612655423  0.0154940612655423	O
  0.4845059387344577  0.9845059387344577  0.5154940612655423	O
  0.9845059387344577  0.5154940612655423  0.4845059387344577	O
  0.5154940612655423  0.4845059387344577  0.9845059387344577	O
  0.2669973063611550  0.2669973063611550  0.2669973063611550	O
  0.2330026936388450  0.7330026936388450  0.7669973063611550	O
  0.7330026936388450  0.7669973063611550  0.2330026936388450	O
  0.7669973063611550  0.2330026936388450  0.7330026936388450	O
  0.1584447118709704  0.1584447118709704  0.1584447118709704	W
  0.3415552881290296  0.8415552881290296  0.6584447118709704	W
  0.8415552881290296  0.6584447118709704  0.3415552881290296	W
  0.6584447118709704  0.3415552881290296  0.8415552881290296	W
  0.9055842977672768  0.9055842977672768  0.9055842977672768	W
  0.5944157022327232  0.0944157022327232  0.4055842977672768	W
  0.0944157022327232  0.4055842977672768  0.5944157022327232	W
  0.4055842977672768  0.5944157022327232  0.0944157022327232	W
  0.4962479780962497  0.4962479780962497  0.4962479780962497	Zr
  0.0037520219037503  0.5037520219037503  0.9962479780962497	Zr
  0.5037520219037503  0.9962479780962497  0.0037520219037503	Zr
  0.9962479780962497  0.0037520219037503  0.5037520219037503	Zr
           3.760     0.000     0.000
           0.000     3.760     0.000
           0.000     0.000     3.760
 ion    1
    1    -1.60269     1.53267    -0.97780
    2     1.49885    -4.30879     1.56696
    3    -0.95298     1.51285    -1.60294
 ion    2
    1    -1.60092     1.53239     0.97843
    2     1.49853    -4.31194    -1.56844
    3     0.95298    -1.51285    -1.60294
 ion    3
    1    -1.60092    -1.53239    -0.97843
    2    -1.49885    -4.30879    -1.56696
    3    -0.95576    -1.51616    -1.60505
 ion    4
    1    -1.60269    -1.53267     0.97780
    2    -1.49853    -4.31194     1.56844
    3     0.95576     1.51616    -1.60505
 ion    5
    1    -1.60298    -0.95300     1.51288
    2    -0.97782    -1.60269     1.53270
    3     1.56695     1.49882    -4.30876
 ion    6
    1    -1.60298     0.95300    -1.51288
    2     0.97845    -1.60092     1.53242
    3    -1.56842     1.49852    -4.31193
 ion    7
    1    -1.60509    -0.95575    -1.51618
    2    -0.97845    -1.60092    -1.53242
    3    -1.56695    -1.49882    -4.30876
 ion    8
    1    -1.60509     0.95575     1.51618
    2     0.97782    -1.60269    -1.53270
    3     1.56842    -1.49852    -4.31193
 ion    9
    1    -4.30882     1.56697     1.49884
    2     1.51288    -1.60294    -0.95299
    3     1.53269    -0.97782    -1.60270
 ion   10
    1    -4.31196    -1.56845     1.49853
    2    -1.51288    -1.60294     0.95299
    3     1.53242     0.97844    -1.60091
 ion   11
    1    -4.30882    -1.56697    -1.49884
    2    -1.51618    -1.60506    -0.95575
    3    -1.53242    -0.97844    -1.60091
 ion   12
    1    -4.31196     1.56845    -1.49853
    2     1.51618    -1.60506     0.95575
    3    -1.53269     0.97782    -1.60270
 ion   13
    1    -0.93084    -0.99708    -0.12858
    2    -1.00411    -4.86600    -0.93546
    3    -0.12799    -0.93088    -0.91547
 ion   14
    1    -0.93042    -0.99413     0.12883
    2    -1.00235    -4.86397     0.93416
    3     0.12799     0.93088    -0.91547
 ion   15
    1    -0.93042     0.99413    -0.12883
    2     1.00411    -4.86600     0.93546
    3    -0.12918     0.93370    -0.91478
 ion   16
    1    -0.93084     0.99708     0.12858
    2     1.00235    -4.86397    -0.93416
    3     0.12918    -0.93370    -0.91478
 ion   17
    1    -0.91548    -0.12798    -0.93082
    2    -0.12857    -0.93082    -0.99707
    3    -0.93547    -1.00411    -4.86601
 ion   18
    1    -0.91548     0.12798     0.93082
    2     0.12881    -0.93039    -0.99412
    3     0.93417    -1.00235    -4.86397
 ion   19
    1    -0.91480    -0.12918     0.93368
    2    -0.12881    -0.93039     0.99412
    3     0.93547     1.00411    -4.86601
 ion   20
    1    -0.91480     0.12918    -0.93368
    2     0.12857    -0.93082     0.99707
    3    -0.93417     1.00235    -4.86397
 ion   21
    1    -4.86600    -0.93545    -1.00411
    2    -0.93082    -0.91546    -0.12798
    3    -0.99704    -0.12857    -0.93082
 ion   22
    1    -4.86397     0.93416    -1.00235
    2     0.93082    -0.91546     0.12798
    3    -0.99415     0.12882    -0.93040
 ion   23
    1    -4.86600     0.93545     1.00411
    2     0.93369    -0.91478    -0.12918
    3     0.99415    -0.12882    -0.93040
 ion   24
    1    -4.86397    -0.93416     1.00235
    2    -0.93369    -0.91478     0.12918
    3     0.99704     0.12857    -0.93082
 ion   25
    1    -1.60918    -1.03286    -1.05073
    2    -1.05075    -1.60916    -1.03288
    3    -1.03287    -1.05076    -1.60917
 ion   26
    1    -1.60812    -1.03355     1.05023
    2    -1.05024    -1.60811     1.03356
    3     1.03287     1.05076    -1.60917
 ion   27
    1    -1.60812     1.03355    -1.05023
    2     1.05075    -1.60916     1.03288
    3    -1.03357     1.05024    -1.60811
 ion   28
    1    -1.60918     1.03286     1.05073
    2     1.05024    -1.60811    -1.03356
    3     1.03357    -1.05024    -1.60811
 ion   29
    1    -1.12483    -0.35103    -0.38602
    2    -0.38603    -1.12481    -0.35103
    3    -0.35102    -0.38605    -1.12482
 ion   30
    1    -1.12575    -0.35091     0.38551
    2    -0.38551    -1.12573     0.35091
    3     0.35102     0.38605    -1.12482
 ion   31
    1    -1.12575     0.35091    -0.38551
    2     0.38603    -1.12481     0.35103
    3    -0.35091     0.38553    -1.12572
 ion   32
    1    -1.12483     0.35103     0.38602
    2     0.38551    -1.12573    -0.35091
    3     0.35091    -0.38553    -1.12572
 ion   33
    1     5.26400    -0.14923    -0.13767
    2    -0.13763     5.26399    -0.14927
    3    -0.14929    -0.13756     5.26398
 ion   34
    1     5.26957    -0.14893     0.14396
    2    -0.14393     5.26957     0.14897
    3     0.14929     0.13756     5.26398
 ion   35
    1     5.26957     0.14893    -0.14396
    2     0.13763     5.26399     0.14927
    3    -0.14891     0.14390     5.26951
 ion   36
    1     5.26400     0.14923     0.13767
    2     0.14393     5.26957    -0.14897
    3     0.14891    -0.14390     5.26951
 ion   37
    1     4.47687    -0.46241    -0.35857
    2    -0.35858     4.47686    -0.46240
    3    -0.46244    -0.35855     4.47688
 ion   38
    1     4.47369    -0.46389     0.35460
    2    -0.35461     4.47368     0.46388
    3     0.46244     0.35855     4.47688
 ion   39
    1     4.47369     0.46389    -0.35460
    2     0.35858     4.47686     0.46240
    3    -0.46380     0.35467     4.47367
 ion   40
    1     4.47687     0.46241     0.35857
    2     0.35461     4.47368    -0.46388
    3     0.46380    -0.35467     4.47367
 ion   41
    1     7.39252    -0.47644    -0.02514
    2    -0.02512     7.39245    -0.47643
    3    -0.47652    -0.02513     7.39248
 ion   42
    1     7.39281    -0.47750     0.02816
    2    -0.02814     7.39274     0.47749
    3     0.47652     0.02513     7.39248
 ion   43
    1     7.39281     0.47750    -0.02816
    2     0.02512     7.39245     0.47643
    3    -0.47750     0.02816     7.39272
 ion   44
    1     7.39252     0.47644     0.02514
    2     0.02814     7.39274    -0.47749
    3     0.47750    -0.02816     7.39272
