   1.453006   -2.516681    4.584294
   1.453006    2.516681    4.584294
  -2.906013    0.000000    4.584294
  0.5560111641573258  0.2500000000000000  0.9439888358426742	O
  0.9439888358426742  0.5560111641573258  0.2500000000000000	O
  0.2500000000000000  0.9439888358426742  0.5560111641573258	O
  0.4439888358426742  0.7500000000000000  0.0560111641573258	O
  0.0560111641573258  0.4439888358426742  0.7500000000000000	O
  0.7500000000000000  0.0560111641573258  0.4439888358426742	O
  0.1460417674418437  0.1460417674418437  0.1460417674418437	Fe
  0.8539582325581563  0.8539582325581563  0.8539582325581563	Fe
  0.3539582325581563  0.3539582325581563  0.3539582325581563	Fe
  0.6460417674418437  0.6460417674418437  0.6460417674418437	Fe
           8.110     0.000     0.000
           0.000     8.110     0.000
           0.000     0.000     7.353
 ion    1
    1    -2.77051     0.16907    -0.34277
    2     0.17036    -2.57424    -0.59365
    3    -0.39484    -0.68386    -2.27738
 ion    2
    1    -2.47592    -0.00123     0.68544
    2     0.00000    -2.86890     0.00000
    3     0.78966    -0.00002    -2.27738
 ion    3
    1    -2.77091    -0.17134    -0.34265
    2    -0.17036    -2.57424     0.59365
    3    -0.39482     0.68387    -2.27738
 ion    4
    1    -2.77091     0.17134    -0.34265
    2     0.17006    -2.57413    -0.59358
    3    -0.39482    -0.68387    -2.27738
 ion    5
    1    -2.47592     0.00123     0.68544
    2     0.00000    -2.86901     0.00000
    3     0.78966     0.00002    -2.27738
 ion    6
    1    -2.77051    -0.16907    -0.34277
    2    -0.17006    -2.57413     0.59358
    3    -0.39484     0.68386    -2.27738
 ion    7
    1     4.00701    -0.14374     0.00001
    2     0.14114     4.00793    -0.00027
    3     0.00000     0.00000     3.41563
 ion    8
    1     4.00916    -0.13862    -0.00002
    2     0.14123     4.00822     0.00029
    3     0.00000     0.00000     3.41578
 ion    9
    1     4.00916     0.13862    -0.00002
    2    -0.14114     4.00793     0.00027
    3     0.00000     0.00000     3.41578
 ion   10
    1     4.00701     0.14374     0.00001
    2    -0.14123     4.00822    -0.00029
    3     0.00000     0.00000     3.41563
