   0.000023   -3.221013    4.622555
   2.789464    1.610523    4.622556
  -2.789486    1.610482    4.622556
  0.9969428143732770  0.9969428143528916  0.9969428143471646	Bi
  0.4969429542141555  0.4969429541977064  0.4969429541939547	Bi
  0.7198058880639806  0.7198058880096596  0.7198058880960687	Fe
  0.2198060829412256  0.2198060828868194  0.2198060829742019	Fe
  0.9386621461519766  0.3919403162672737  0.5344880288903084	O
  0.5344880288559324  0.9386621461375313  0.3919403163203299	O
  0.3919403164946544  0.5344880287496139  0.9386621460611408	O
  0.8919405129786995  0.4386620150465035  0.0344882477708737	O
  0.4386620151948577  0.0344882476672908  0.8919405129399607	O
  0.0344882478152400  0.8919405129317113  0.4386620150559963	O
           7.578     0.000     0.000
           0.000     7.578     0.000
           0.000     0.000     6.934
 ion    1
    1     4.95786    -0.26604    -0.00058
    2     0.26589     4.95725     0.00020
    3     0.00000     0.00000     4.36554
 ion    2
    1     4.95739     0.26535    -0.00014
    2    -0.26587     4.95725     0.00020
    3     0.00000     0.00000     4.36554
 ion    3
    1     3.89350     0.09350     0.00020
    2    -0.09366     3.89344    -0.00017
    3     0.00000     0.00000     3.56317
 ion    4
    1     3.89357    -0.09375    -0.00001
    2     0.09367     3.89344    -0.00017
    3     0.00000     0.00000     3.56317
 ion    5
    1    -2.67534    -0.25017     0.60480
    2    -0.04268    -3.22568    -0.16438
    3     0.65852    -0.27681    -2.64333
 ion    6
    1    -3.21531    -0.26923    -0.15986
    2    -0.06114    -2.68581     0.60556
    3    -0.08953     0.70871    -2.64333
 ion    7
    1    -2.96169     0.20782    -0.44422
    2     0.41568    -2.93967    -0.44159
    3    -0.56899    -0.43189    -2.64333
 ion    8
    1    -2.96099    -0.20788     0.44492
    2    -0.41556    -2.93967    -0.44159
    3     0.56900    -0.43188    -2.64333
 ion    9
    1    -2.67508     0.25093    -0.60436
    2     0.04280    -3.22568    -0.16438
    3    -0.65852    -0.27682    -2.64333
 ion   10
    1    -3.21517     0.26956     0.16026
    2     0.06126    -2.68581     0.60556
    3     0.08952     0.70871    -2.64333
