1.3669642842 -2.3676518647 4.3039976904
1.3669642842 2.3676518647 4.3039976904
-2.7339290657 0.0000000000 4.3039976904
  0.5555817217007117  0.2500000000000000  0.9444182782992883	O
  0.9444182782992883  0.5555817217007117  0.2500000000000000	O
  0.2500000000000000  0.9444182782992883  0.5555817217007117	O
  0.4444182782992883  0.7500000000000000  0.0555817217007117	O
  0.0555817217007117  0.4444182782992883  0.7500000000000000	O
  0.7500000000000000  0.0555817217007117  0.4444182782992883	O
  0.1468402985346700  0.1468402985346700  0.1468402985346700	Al
  0.3520042127365812  0.3520042127365812  0.3520042127365812	Al
  0.8520042127365812  0.8520042127365812  0.8520042127365812	Al
  0.6479957872634188  0.6479957872634188  0.6479957872634188	Al
           3.254     0.000     0.000
           0.000     3.254     0.000
           0.000     0.000     3.215
 ion    1
    1    -2.01671     0.08371    -0.12656
    2     0.08450    -1.91977    -0.21650
    3    -0.17139    -0.29719    -1.94993
 ion    2
    1    -1.87097    -0.00065     0.25078
    2     0.00000    -2.06549    -0.00126
    3     0.34307     0.00017    -1.94993
 ion    3
    1    -2.01731    -0.08479    -0.12417
    2    -0.08408    -1.91953     0.21772
    3    -0.17168     0.29703    -1.94993
 ion    4
    1    -2.01751     0.08561    -0.12590
    2     0.08607    -1.92048    -0.21416
    3    -0.17247    -0.29799    -1.94947
 ion    5
    1    -1.87057    -0.00072     0.24850
    2    -0.00038    -2.06740    -0.00210
    3     0.34430    -0.00037    -1.94947
 ion    6
    1    -2.01887    -0.08485    -0.12269
    2    -0.08458    -1.91914     0.21628
    3    -0.17183     0.29836    -1.94947
 ion    7
    1     2.95276    -0.02830    -0.00002
    2     0.02763     2.95330     0.00005
    3     0.00000     0.00000     2.93020
 ion    8
    1     2.95471     0.02765     0.00004
    2    -0.02854     2.95436     0.00000
    3     0.00000     0.00000     2.92279
 ion    9
    1     2.95122    -0.02509     0.00004
    2     0.02597     2.95059    -0.00001
    3     0.00000     0.00000     2.92292
 ion   10
    1     2.95014     0.02745    -0.00002
    2    -0.02659     2.95047    -0.00002
    3     0.00000     0.00000     2.91933
