  -2.223211    2.223211    4.486165
  -2.223211    4.486165    2.223211
  -4.486165    2.223211    2.223211
  0.5000000000000000  0.5000000000000000  0.5000000000000000	Mn
  0.0000000000000000  0.0000000000000000  0.0000000000000000	Mn
  0.2500000000000000  0.2500000000000000  0.2500000000000000	O
  0.7500000000000000  0.7500000000000000  0.7500000000000000	O
           4.423     0.013     0.013
           0.013     4.423    -0.013
           0.013    -0.013     4.423
 ion    1
    1     2.26606     0.02517     0.02517
    2     0.02517     2.26606    -0.02517
    3     0.02517    -0.02517     2.26607
 ion    2
    1     2.26606     0.02517     0.02517
    2     0.02517     2.26606    -0.02517
    3     0.02517    -0.02517     2.26607
 ion    3
    1    -2.26658    -0.02517    -0.02517
    2    -0.02517    -2.26658     0.02517
    3    -0.02517     0.02517    -2.26658
 ion    4
    1    -2.26658    -0.02517    -0.02517
    2    -0.02517    -2.26658     0.02517
    3    -0.02517     0.02517    -2.26658
