
Used Primitive lattice vector

    2.252974523499     -2.252974523499      0.000000000000  
    0.000000000000     -2.252974523499     -2.252974523499  
    2.252974523499      0.000000000000     -2.252974523499  

   2 Atom(s) in the Primitive cell

 0.0000000000 0.0000000000 0.0000000000 Mn    0
 0.5000000000 0.5000000000 0.5000000000  O    1


 Q= -0.110964  0.110964  0.110964, q= -0.500000 -0.500000 -0.500000

                       Mn X   0        Mn Y   0        Mn Z   0         O X   1         O Y   1         O Z   1     
                    --------------- --------------- --------------- --------------- --------------- ---------------
    0   4.0309 THz   0.8165  0.0000  0.4082  0.0000  0.4082  0.0000  0.0000 -0.0000  0.0000 -0.0000  0.0000 -0.0000
    1   4.0309 THz   0.0000  0.0000 -0.0000 -0.7071  0.0000  0.7071 -0.0000 -0.0000 -0.0000 -0.0000  0.0000  0.0000
    2   7.3971 THz   0.0000  0.0000  0.0000  0.0000 -0.0000 -0.0000  0.3902 -0.1828 -0.2634  0.2966  0.6536 -0.4794
    3   7.3971 THz   0.0000  0.0000 -0.0000 -0.0000  0.0000  0.0000  0.3643 -0.5902  0.2884 -0.6528  0.0759  0.0626
    4   8.9479 THz   0.5774  0.0000 -0.5774 -0.0000 -0.5774 -0.0000 -0.0000  0.0000 -0.0000  0.0000 -0.0000  0.0000
    5  13.8835 THz   0.0000  0.0000  0.0000  0.0000  0.0000 -0.0000  0.4616  0.3468 -0.4616 -0.3468 -0.4616 -0.3468


 Q= -0.055482  0.166447  0.055482, q= -0.500000 -0.500000 -0.250000

                       Mn X   0        Mn Y   0        Mn Z   0         O X   1         O Y   1         O Z   1     
                    --------------- --------------- --------------- --------------- --------------- ---------------
    0   4.3321 THz  -0.6977  0.0000 -0.0000  0.0000 -0.6977 -0.0000 -0.1151 -0.0000 -0.0000 -0.0000 -0.1151 -0.0000
    1   5.0640 THz  -0.5202  0.0000 -0.6749 -0.0000  0.5202  0.0000 -0.0394 -0.0000 -0.0071  0.0000  0.0394 -0.0000
    2   7.2235 THz   0.4722  0.0000 -0.7299 -0.0000 -0.4722 -0.0000  0.0286  0.0000 -0.1400 -0.0000 -0.0286  0.0000
    3   8.5057 THz  -0.1151  0.0000  0.0000 -0.0000 -0.1151 -0.0000  0.6977  0.0000  0.0000 -0.0000  0.6977  0.0000
    4   9.6278 THz   0.0046  0.0000 -0.0764 -0.0000 -0.0046  0.0000  0.5354  0.0000  0.6486  0.0000 -0.5354 -0.0000
    5  12.7477 THz  -0.0795  0.0000  0.0766  0.0000  0.0795  0.0000  0.4593  0.0000 -0.7481 -0.0000 -0.4593 -0.0000


 Q=  0.000000  0.221929  0.000000, q= -0.500000 -0.500000  0.000000

                       Mn X   0        Mn Y   0        Mn Z   0         O X   1         O Y   1         O Z   1     
                    --------------- --------------- --------------- --------------- --------------- ---------------
    0   4.6369 THz   0.0000  0.0000  0.0000 -0.0000  0.9805  0.0000  0.0000 -0.0000 -0.0000  0.0000  0.1965  0.0000
    1   4.6369 THz   0.9805  0.0000  0.0000 -0.0000 -0.0000 -0.0000  0.1965  0.0000 -0.0000 -0.0000 -0.0000 -0.0000
    2   6.6670 THz   0.0000  0.0000  0.8914 -0.4530 -0.0000 -0.0000 -0.0000 -0.0000  0.0131 -0.0067  0.0000 -0.0000
    3   9.4046 THz   0.1965  0.0000 -0.0000  0.0000  0.0000  0.0000 -0.9805 -0.0000  0.0000  0.0000  0.0000  0.0000
    4   9.4046 THz   0.0000  0.0000 -0.0000  0.0000  0.1965  0.0000 -0.0000  0.0000 -0.0000 -0.0000 -0.9805 -0.0000
    5  11.9882 THz   0.0000  0.0000 -0.0054  0.0137 -0.0000 -0.0000 -0.0000 -0.0000  0.3700 -0.9289 -0.0000  0.0000


 Q=  0.055482  0.277411 -0.055482, q= -0.500000 -0.500000  0.250000

                       Mn X   0        Mn Y   0        Mn Z   0         O X   1         O Y   1         O Z   1     
                    --------------- --------------- --------------- --------------- --------------- ---------------
    0   4.3321 THz  -0.6977  0.0000 -0.0000  0.0000 -0.6977 -0.0000 -0.1151  0.0000 -0.0000  0.0000 -0.1151  0.0000
    1   5.0640 THz  -0.5202  0.0000 -0.6749 -0.0000  0.5202  0.0000 -0.0394 -0.0000 -0.0071 -0.0000  0.0394  0.0000
    2   7.2235 THz   0.4722  0.0000 -0.7299 -0.0000 -0.4722 -0.0000  0.0286  0.0000 -0.1400 -0.0000 -0.0286  0.0000
    3   8.5057 THz  -0.1151  0.0000 -0.0000 -0.0000 -0.1151 -0.0000  0.6977  0.0000 -0.0000 -0.0000  0.6977  0.0000
    4   9.6278 THz   0.0046  0.0000 -0.0764 -0.0000 -0.0046  0.0000  0.5354  0.0000  0.6486  0.0000 -0.5354 -0.0000
    5  12.7477 THz  -0.0795  0.0000  0.0766  0.0000  0.0795  0.0000  0.4593  0.0000 -0.7481 -0.0000 -0.4593 -0.0000


 Q= -0.166447  0.055482  0.055482, q= -0.500000 -0.250000 -0.500000

                       Mn X   0        Mn Y   0        Mn Z   0         O X   1         O Y   1         O Z   1     
                    --------------- --------------- --------------- --------------- --------------- ---------------
    0   4.3321 THz   0.0000  0.0000 -0.6968  0.0350  0.6968 -0.0350 -0.0000  0.0000 -0.1149  0.0058  0.1149 -0.0058
    1   5.0640 THz   0.6749  0.0000  0.5202 -0.0000  0.5202 -0.0000  0.0071  0.0000  0.0394  0.0000  0.0394  0.0000
    2   7.2235 THz   0.7299  0.0000 -0.4722  0.0000 -0.4722  0.0000  0.1400  0.0000 -0.0286  0.0000 -0.0286  0.0000
    3   8.5057 THz  -0.0000  0.0000 -0.0963  0.0630  0.0963 -0.0630  0.0000 -0.0000  0.5838 -0.3820 -0.5838  0.3820
    4   9.6278 THz   0.0764  0.0000 -0.0046  0.0000 -0.0046 -0.0000 -0.6486 -0.0000 -0.5354 -0.0000 -0.5354 -0.0000
    5  12.7477 THz  -0.0766  0.0000  0.0795 -0.0000  0.0795 -0.0000  0.7481  0.0000 -0.4593 -0.0000 -0.4593 -0.0000


 Q= -0.110964  0.110964  0.000000, q= -0.500000 -0.250000 -0.250000

                       Mn X   0        Mn Y   0        Mn Z   0         O X   1         O Y   1         O Z   1     
                    --------------- --------------- --------------- --------------- --------------- ---------------
    0   3.9255 THz   0.7015  0.0000  0.7015 -0.0000 -0.0000  0.0000  0.0891  0.0000  0.0891  0.0000 -0.0000  0.0000
    1   5.0427 THz  -0.0000  0.0000  0.0000 -0.0000 -0.8795  0.4545 -0.0000 -0.0000  0.0000 -0.0000 -0.1253  0.0648
    2   7.1290 THz   0.6845  0.0000 -0.6845  0.0000 -0.0000  0.0000  0.1772 -0.0000 -0.1772 -0.0000 -0.0000  0.0000
    3   7.4716 THz   0.0891  0.0000  0.0891 -0.0000 -0.0000  0.0000 -0.7015  0.0000 -0.7015  0.0000  0.0000  0.0000
    4   9.8125 THz   0.0000  0.0000 -0.0000  0.0000  0.0258  0.1387  0.0000 -0.0000 -0.0000 -0.0000 -0.1812 -0.9733
    5  13.3169 THz  -0.1772  0.0000  0.1772 -0.0000 -0.0000  0.0000  0.6845  0.0000 -0.6845 -0.0000 -0.0000  0.0000


 Q= -0.055482  0.166447 -0.055482, q= -0.500000 -0.250000  0.000000

                       Mn X   0        Mn Y   0        Mn Z   0         O X   1         O Y   1         O Z   1     
                    --------------- --------------- --------------- --------------- --------------- ---------------
    0   4.3321 THz   0.6977  0.0000 -0.0000 -0.0000 -0.6977 -0.0000  0.1151  0.0000 -0.0000 -0.0000 -0.1151 -0.0000
    1   5.0640 THz  -0.5202  0.0000 -0.6749 -0.0000 -0.5202 -0.0000 -0.0394 -0.0000 -0.0071  0.0000 -0.0394 -0.0000
    2   7.2235 THz   0.4722  0.0000 -0.7299  0.0000  0.4722 -0.0000  0.0286  0.0000 -0.1400  0.0000  0.0286  0.0000
    3   8.5057 THz  -0.1151  0.0000 -0.0000  0.0000  0.1151 -0.0000  0.6977  0.0000 -0.0000 -0.0000 -0.6977 -0.0000
    4   9.6278 THz  -0.0046  0.0000  0.0764 -0.0000 -0.0046  0.0000 -0.5354  0.0000 -0.6486  0.0000 -0.5354  0.0000
    5  12.7477 THz  -0.0795  0.0000  0.0766  0.0000 -0.0795 -0.0000  0.4593  0.0000 -0.7481 -0.0000  0.4593  0.0000


 Q=  0.000000  0.221929 -0.110964, q= -0.500000 -0.250000  0.250000

                       Mn X   0        Mn Y   0        Mn Z   0         O X   1         O Y   1         O Z   1     
                    --------------- --------------- --------------- --------------- --------------- ---------------
    0   5.5336 THz  -0.0000  0.0000  0.0000  0.0000  0.9814 -0.1918 -0.0000  0.0000 -0.0000 -0.0000 -0.0000 -0.0000
    1   5.8686 THz  -0.0000  0.0000  0.9751 -0.2154 -0.0000  0.0000  0.0000 -0.0000 -0.0519  0.0115  0.0000 -0.0000
    2   5.8686 THz   0.9986  0.0000  0.0000 -0.0000  0.0000 -0.0000  0.0531  0.0000  0.0000 -0.0000 -0.0000 -0.0000
    3  10.1674 THz  -0.0000  0.0000  0.0000  0.0000 -0.0000 -0.0000  0.0000  0.0000  0.0000  0.0000 -0.9248 -0.3805
    4  10.8873 THz   0.0524  0.0000  0.0044  0.0073  0.0000  0.0000 -0.9858 -0.0000  0.0818  0.1368 -0.0000 -0.0000
    5  10.8873 THz   0.0085  0.0000 -0.0269 -0.0450 -0.0000 -0.0000 -0.1594  0.0000 -0.5061 -0.8460 -0.0000 -0.0000


 Q= -0.221929  0.000000  0.000000, q= -0.500000  0.000000 -0.500000

                       Mn X   0        Mn Y   0        Mn Z   0         O X   1         O Y   1         O Z   1     
                    --------------- --------------- --------------- --------------- --------------- ---------------
    0   4.6369 THz   0.0000  0.0000 -0.0422  0.5127  0.1080 -0.8277  0.0000 -0.0000 -0.0085  0.1027  0.0216 -0.1658
    1   4.6369 THz  -0.0000  0.0000 -0.8347  0.0022 -0.5139 -0.0232  0.0000  0.0000 -0.1673  0.0004 -0.1030 -0.0046
    2   6.6670 THz   0.9999  0.0000 -0.0000  0.0000 -0.0000 -0.0000  0.0147 -0.0000 -0.0000 -0.0000 -0.0000  0.0000
    3   9.4046 THz   0.0000  0.0000  0.0807  0.0395 -0.1667  0.0523  0.0000  0.0000 -0.4028 -0.1974  0.8319 -0.2612
    4   9.4046 THz   0.0000  0.0000 -0.1735 -0.0204 -0.0719  0.0539 -0.0000 -0.0000  0.8659  0.1019  0.3590 -0.2688
    5  11.9882 THz   0.0147  0.0000  0.0000  0.0000  0.0000 -0.0000 -0.9999  0.0000 -0.0000  0.0000 -0.0000 -0.0000


 Q= -0.166447  0.055482 -0.055482, q= -0.500000  0.000000 -0.250000

                       Mn X   0        Mn Y   0        Mn Z   0         O X   1         O Y   1         O Z   1     
                    --------------- --------------- --------------- --------------- --------------- ---------------
    0   4.3321 THz  -0.0000  0.0000 -0.6919 -0.0893 -0.6919 -0.0893 -0.0000 -0.0000 -0.1141 -0.0147 -0.1141 -0.0147
    1   5.0640 THz  -0.6749  0.0000 -0.5202  0.0000  0.5202  0.0000 -0.0071  0.0000 -0.0394 -0.0000  0.0394  0.0000
    2   7.2235 THz   0.7299  0.0000 -0.4722  0.0000  0.4722 -0.0000  0.1400 -0.0000 -0.0286 -0.0000  0.0286  0.0000
    3   8.5057 THz   0.0000  0.0000  0.1128  0.0226  0.1128  0.0226  0.0000  0.0000 -0.6841 -0.1369 -0.6841 -0.1369
    4   9.6278 THz   0.0764  0.0000 -0.0046 -0.0000  0.0046  0.0000 -0.6486  0.0000 -0.5354  0.0000  0.5354 -0.0000
    5  12.7477 THz  -0.0766  0.0000  0.0795 -0.0000 -0.0795  0.0000  0.7481 -0.0000 -0.4593  0.0000  0.4593 -0.0000


 Q= -0.110964  0.110964 -0.110964, q= -0.500000  0.000000  0.000000

                       Mn X   0        Mn Y   0        Mn Z   0         O X   1         O Y   1         O Z   1     
                    --------------- --------------- --------------- --------------- --------------- ---------------
    0   4.0309 THz   0.0000  0.0000 -0.7066 -0.0268 -0.7066 -0.0268 -0.0000  0.0000  0.0000  0.0000  0.0000 -0.0000
    1   4.0309 THz   0.8165  0.0000  0.4082  0.0000 -0.4082 -0.0000  0.0000 -0.0000  0.0000  0.0000 -0.0000 -0.0000
    2   7.3971 THz   0.0000  0.0000  0.0000  0.0000 -0.0000  0.0000 -0.3675 -0.4641 -0.1837  0.2550  0.1837  0.7191
    3   7.3971 THz   0.0000  0.0000  0.0000 -0.0000  0.0000  0.0000 -0.4209  0.3730 -0.7223  0.2148 -0.3014 -0.1581
    4   8.9479 THz   0.5774  0.0000 -0.5774 -0.0000  0.5774  0.0000 -0.0000  0.0000 -0.0000 -0.0000  0.0000  0.0000
    5  13.8835 THz   0.0000  0.0000 -0.0000 -0.0000  0.0000 -0.0000  0.0257 -0.5768 -0.0257  0.5768  0.0257 -0.5768


 Q= -0.055482  0.166447 -0.166447, q= -0.500000  0.000000  0.250000

                       Mn X   0        Mn Y   0        Mn Z   0         O X   1         O Y   1         O Z   1     
                    --------------- --------------- --------------- --------------- --------------- ---------------
    0   4.3321 THz   0.0000  0.0000  0.6869  0.1222  0.6869  0.1222 -0.0000 -0.0000 -0.1133 -0.0201 -0.1133 -0.0201
    1   5.0640 THz  -0.6749  0.0000 -0.5202  0.0000  0.5202  0.0000  0.0071 -0.0000  0.0394 -0.0000 -0.0394  0.0000
    2   7.2235 THz   0.7299  0.0000 -0.4722  0.0000  0.4722 -0.0000 -0.1400  0.0000  0.0286  0.0000 -0.0286 -0.0000
    3   8.5057 THz   0.0000  0.0000 -0.1135  0.0191 -0.1135  0.0191  0.0000  0.0000 -0.6880  0.1161 -0.6880  0.1161
    4   9.6278 THz  -0.0764  0.0000  0.0046  0.0000 -0.0046  0.0000 -0.6486  0.0000 -0.5354  0.0000  0.5354 -0.0000
    5  12.7477 THz  -0.0766  0.0000  0.0795 -0.0000 -0.0795  0.0000 -0.7481  0.0000  0.4593 -0.0000 -0.4593  0.0000


 Q= -0.277411 -0.055482 -0.055482, q= -0.500000  0.250000 -0.500000

                       Mn X   0        Mn Y   0        Mn Z   0         O X   1         O Y   1         O Z   1     
                    --------------- --------------- --------------- --------------- --------------- ---------------
    0   4.3321 THz  -0.0000  0.0000 -0.6976  0.0081  0.6976 -0.0081 -0.0000  0.0000 -0.1151  0.0013  0.1151 -0.0013
    1   5.0640 THz   0.6749  0.0000  0.5202  0.0000  0.5202 -0.0000  0.0071 -0.0000  0.0394  0.0000  0.0394  0.0000
    2   7.2235 THz   0.7299  0.0000 -0.4722 -0.0000 -0.4722  0.0000  0.1400  0.0000 -0.0286  0.0000 -0.0286  0.0000
    3   8.5057 THz  -0.0000  0.0000 -0.1118 -0.0271  0.1118  0.0271 -0.0000 -0.0000  0.6780  0.1644 -0.6780 -0.1644
    4   9.6278 THz   0.0764  0.0000 -0.0046  0.0000 -0.0046  0.0000 -0.6486 -0.0000 -0.5354 -0.0000 -0.5354 -0.0000
    5  12.7477 THz  -0.0766  0.0000  0.0795 -0.0000  0.0795 -0.0000  0.7481  0.0000 -0.4593 -0.0000 -0.4593  0.0000


 Q= -0.221929  0.000000 -0.110964, q= -0.500000  0.250000 -0.250000

                       Mn X   0        Mn Y   0        Mn Z   0         O X   1         O Y   1         O Z   1     
                    --------------- --------------- --------------- --------------- --------------- ---------------
    0   5.5336 THz   0.0000  0.0000 -0.0000 -0.0000  0.8726  0.4885  0.0000 -0.0000  0.0000 -0.0000 -0.0000  0.0000
    1   5.8686 THz   0.9986  0.0000  0.0000  0.0000 -0.0000 -0.0000 -0.0531 -0.0000  0.0000  0.0000  0.0000 -0.0000
    2   5.8686 THz   0.0000  0.0000 -0.9973 -0.0512 -0.0000 -0.0000 -0.0000  0.0000 -0.0530 -0.0027 -0.0000  0.0000
    3  10.1674 THz  -0.0000  0.0000 -0.0000 -0.0000 -0.0000 -0.0000 -0.0000  0.0000  0.0000  0.0000  0.9998 -0.0192
    4  10.8873 THz  -0.0000  0.0000 -0.0260 -0.0463 -0.0000 -0.0000 -0.0000  0.0000  0.4889  0.8707 -0.0000  0.0000
    5  10.8873 THz   0.0531  0.0000 -0.0000 -0.0000  0.0000 -0.0000  0.9986  0.0000  0.0000  0.0000  0.0000  0.0000


 Q= -0.166447  0.055482 -0.166447, q= -0.500000  0.250000  0.000000

                       Mn X   0        Mn Y   0        Mn Z   0         O X   1         O Y   1         O Z   1     
                    --------------- --------------- --------------- --------------- --------------- ---------------
    0   4.3321 THz   0.6977  0.0000 -0.0000 -0.0000 -0.6977 -0.0000 -0.1151  0.0000 -0.0000  0.0000  0.1151  0.0000
    1   5.0640 THz  -0.5202  0.0000 -0.6749 -0.0000 -0.5202 -0.0000  0.0394  0.0000  0.0071 -0.0000  0.0394  0.0000
    2   7.2235 THz  -0.4722  0.0000  0.7299 -0.0000 -0.4722  0.0000  0.0286  0.0000 -0.1400  0.0000  0.0286  0.0000
    3   8.5057 THz   0.1151  0.0000  0.0000 -0.0000 -0.1151 -0.0000  0.6977 -0.0000 -0.0000 -0.0000 -0.6977 -0.0000
    4   9.6278 THz   0.0046  0.0000 -0.0764  0.0000  0.0046 -0.0000 -0.5354  0.0000 -0.6486  0.0000 -0.5354  0.0000
    5  12.7477 THz  -0.0795  0.0000  0.0766  0.0000 -0.0795 -0.0000 -0.4593 -0.0000  0.7481  0.0000 -0.4593 -0.0000


 Q= -0.110964  0.110964 -0.221929, q= -0.500000  0.250000  0.250000

                       Mn X   0        Mn Y   0        Mn Z   0         O X   1         O Y   1         O Z   1     
                    --------------- --------------- --------------- --------------- --------------- ---------------
    0   3.9255 THz   0.7015  0.0000  0.7015 -0.0000 -0.0000 -0.0000 -0.0891  0.0000 -0.0891  0.0000  0.0000 -0.0000
    1   5.0427 THz  -0.0000  0.0000 -0.0000  0.0000 -0.8278  0.5430  0.0000  0.0000  0.0000 -0.0000  0.1180 -0.0774
    2   7.1290 THz   0.6845  0.0000 -0.6845  0.0000  0.0000  0.0000 -0.1772  0.0000  0.1772  0.0000  0.0000 -0.0000
    3   7.4716 THz  -0.0891  0.0000 -0.0891  0.0000  0.0000  0.0000 -0.7015  0.0000 -0.7015  0.0000  0.0000 -0.0000
    4   9.8125 THz   0.0000  0.0000 -0.0000  0.0000 -0.1293  0.0564 -0.0000 -0.0000  0.0000  0.0000 -0.9074  0.3958
    5  13.3169 THz   0.1772  0.0000 -0.1772  0.0000 -0.0000 -0.0000  0.6845 -0.0000 -0.6845  0.0000  0.0000  0.0000


 Q= -0.055482  0.055482  0.166447, q= -0.250000 -0.500000 -0.500000

                       Mn X   0        Mn Y   0        Mn Z   0         O X   1         O Y   1         O Z   1     
                    --------------- --------------- --------------- --------------- --------------- ---------------
    0   4.3321 THz  -0.6977  0.0000 -0.6977  0.0000  0.0000 -0.0000 -0.1151 -0.0000 -0.1151 -0.0000  0.0000 -0.0000
    1   5.0640 THz  -0.5202  0.0000  0.5202 -0.0000 -0.6749  0.0000 -0.0394 -0.0000  0.0394  0.0000 -0.0071 -0.0000
    2   7.2235 THz   0.4722  0.0000 -0.4722 -0.0000 -0.7299  0.0000  0.0286 -0.0000 -0.0286 -0.0000 -0.1400 -0.0000
    3   8.5057 THz   0.1151  0.0000  0.1151 -0.0000 -0.0000 -0.0000 -0.6977 -0.0000 -0.6977 -0.0000  0.0000  0.0000
    4   9.6278 THz  -0.0046  0.0000  0.0046 -0.0000  0.0764  0.0000 -0.5354 -0.0000  0.5354  0.0000 -0.6486 -0.0000
    5  12.7477 THz  -0.0795  0.0000  0.0795  0.0000  0.0766 -0.0000  0.4593  0.0000 -0.4593 -0.0000 -0.7481 -0.0000


 Q=  0.000000  0.110964  0.110964, q= -0.250000 -0.500000 -0.250000

                       Mn X   0        Mn Y   0        Mn Z   0         O X   1         O Y   1         O Z   1     
                    --------------- --------------- --------------- --------------- --------------- ---------------
    0   3.9255 THz  -0.0000  0.0000 -0.6795 -0.1740  0.6795  0.1740 -0.0000 -0.0000 -0.0864 -0.0221  0.0864  0.0221
    1   5.0427 THz  -0.9900  0.0000 -0.0000 -0.0000 -0.0000 -0.0000 -0.1411 -0.0000 -0.0000 -0.0000  0.0000 -0.0000
    2   7.1290 THz  -0.0000  0.0000  0.5399  0.4208  0.5399  0.4208  0.0000  0.0000  0.1398  0.1089  0.1398  0.1089
    3   7.4716 THz  -0.0000  0.0000 -0.0692 -0.0562  0.0692  0.0562 -0.0000 -0.0000  0.5442  0.4426 -0.5442 -0.4426
    4   9.8125 THz   0.1411  0.0000  0.0000  0.0000 -0.0000  0.0000 -0.9900 -0.0000 -0.0000 -0.0000  0.0000 -0.0000
    5  13.3169 THz   0.0000  0.0000 -0.1759 -0.0210 -0.1759 -0.0210 -0.0000  0.0000  0.6797  0.0813  0.6797  0.0813


 Q=  0.055482  0.166447  0.055482, q= -0.250000 -0.500000  0.000000

                       Mn X   0        Mn Y   0        Mn Z   0         O X   1         O Y   1         O Z   1     
                    --------------- --------------- --------------- --------------- --------------- ---------------
    0   4.3321 THz   0.6977  0.0000 -0.0000 -0.0000 -0.6977  0.0000  0.1151  0.0000 -0.0000 -0.0000 -0.1151 -0.0000
    1   5.0640 THz   0.5202  0.0000 -0.6749  0.0000  0.5202 -0.0000  0.0394  0.0000 -0.0071 -0.0000  0.0394 -0.0000
    2   7.2235 THz   0.4722  0.0000  0.7299  0.0000  0.4722  0.0000  0.0286  0.0000  0.1400  0.0000  0.0286 -0.0000
    3   8.5057 THz   0.1151  0.0000  0.0000 -0.0000 -0.1151 -0.0000 -0.6977 -0.0000 -0.0000  0.0000  0.6977  0.0000
    4   9.6278 THz  -0.0046  0.0000 -0.0764 -0.0000 -0.0046 -0.0000 -0.5354 -0.0000  0.6486  0.0000 -0.5354 -0.0000
    5  12.7477 THz  -0.0795  0.0000 -0.0766 -0.0000 -0.0795 -0.0000  0.4593  0.0000  0.7481  0.0000  0.4593  0.0000


 Q=  0.110964  0.221929  0.000000, q= -0.250000 -0.500000  0.250000

                       Mn X   0        Mn Y   0        Mn Z   0         O X   1         O Y   1         O Z   1     
                    --------------- --------------- --------------- --------------- --------------- ---------------
    0   5.5336 THz   1.0000  0.0000  0.0000  0.0000  0.0000  0.0000  0.0000  0.0000  0.0000  0.0000  0.0000  0.0000
    1   5.8686 THz   0.0000  0.0000 -0.1095  0.6019  0.7723  0.1627  0.0000 -0.0000  0.0058 -0.0320  0.0411  0.0087
    2   5.8686 THz   0.0000  0.0000 -0.5165  0.5968 -0.4513 -0.4130  0.0000 -0.0000  0.0275 -0.0317 -0.0240 -0.0220
    3  10.1674 THz   0.0000  0.0000  0.0000 -0.0000  0.0000  0.0000  0.8932 -0.4496 -0.0000  0.0000  0.0000 -0.0000
    4  10.8873 THz   0.0000  0.0000 -0.0001  0.0109 -0.0183  0.0487 -0.0000  0.0000 -0.0017  0.2040  0.3447 -0.9147
    5  10.8873 THz   0.0000  0.0000 -0.0274  0.0442  0.0085 -0.0067 -0.0000  0.0000 -0.5147  0.8310 -0.1606  0.1258


 Q= -0.110964  0.000000  0.110964, q= -0.250000 -0.250000 -0.500000

                       Mn X   0        Mn Y   0        Mn Z   0         O X   1         O Y   1         O Z   1     
                    --------------- --------------- --------------- --------------- --------------- ---------------
    0   3.9255 THz   0.7015  0.0000 -0.0000 -0.0000  0.7015 -0.0000  0.0891  0.0000 -0.0000 -0.0000  0.0891  0.0000
    1   5.0427 THz  -0.0000  0.0000 -0.9617 -0.2351 -0.0000  0.0000 -0.0000  0.0000 -0.1370 -0.0335 -0.0000  0.0000
    2   7.1290 THz   0.6845  0.0000 -0.0000  0.0000 -0.6845  0.0000  0.1772  0.0000 -0.0000  0.0000 -0.1772 -0.0000
    3   7.4716 THz   0.0891  0.0000 -0.0000  0.0000  0.0891 -0.0000 -0.7015  0.0000  0.0000 -0.0000 -0.7015  0.0000
    4   9.8125 THz   0.0000  0.0000 -0.1249  0.0655 -0.0000  0.0000  0.0000  0.0000  0.8767 -0.4600  0.0000  0.0000
    5  13.3169 THz  -0.1772  0.0000  0.0000  0.0000  0.1772 -0.0000  0.6845  0.0000 -0.0000 -0.0000 -0.6845 -0.0000


 Q= -0.055482  0.055482  0.055482, q= -0.250000 -0.250000 -0.250000

                       Mn X   0        Mn Y   0        Mn Z   0         O X   1         O Y   1         O Z   1     
                    --------------- --------------- --------------- --------------- --------------- ---------------
    0   2.8834 THz   0.6934  0.0000  0.0730  0.0104  0.6203 -0.0104  0.2667  0.0000  0.0281  0.0040  0.2386 -0.0040
    1   2.8834 THz   0.3162  0.0000  0.7581 -0.0228 -0.4419  0.0228  0.1216  0.0000  0.2916 -0.0088 -0.1700  0.0088
    2   5.9839 THz  -0.5276  0.0000  0.5276  0.0000  0.5276  0.0000 -0.2345 -0.0000  0.2345  0.0000  0.2345  0.0000
    3   7.4166 THz  -0.1912 -0.0000  0.0943  0.0309 -0.2855 -0.0309  0.4970  0.0000 -0.2453 -0.0804  0.7423  0.0804
    4   7.4166 THz   0.2222  0.0000  0.2745  0.0266 -0.0523 -0.0266 -0.5777 -0.0000 -0.7137 -0.0692  0.1360  0.0692
    5  14.8796 THz  -0.2345  0.0000  0.2345 -0.0000  0.2345  0.0000  0.5276  0.0000 -0.5276 -0.0000 -0.5276 -0.0000


 Q=  0.000000  0.110964  0.000000, q= -0.250000 -0.250000  0.000000

                       Mn X   0        Mn Y   0        Mn Z   0         O X   1         O Y   1         O Z   1     
                    --------------- --------------- --------------- --------------- --------------- ---------------
    0   3.5944 THz   0.9517  0.0000 -0.0000  0.0000 -0.0010  0.0004  0.3072  0.0000 -0.0000  0.0000 -0.0003  0.0001
    1   3.5944 THz  -0.0011  0.0000  0.0000 -0.0000 -0.8621  0.4031 -0.0003  0.0000  0.0000 -0.0000 -0.2783  0.1301
    2   5.5725 THz  -0.0000  0.0000 -0.6120  0.7093 -0.0000  0.0000  0.0000 -0.0000 -0.2285  0.2648 -0.0000  0.0000
    3   8.4691 THz  -0.3072  0.0000  0.0000 -0.0000 -0.0000 -0.0000  0.9517  0.0000  0.0000 -0.0000  0.0000  0.0000
    4   8.4691 THz   0.0000 -0.0000 -0.0000  0.0000 -0.3070 -0.0099 -0.0000 -0.0000 -0.0000  0.0000  0.9512  0.0308
    5  13.5907 THz  -0.0000  0.0000  0.2332  0.2607  0.0000  0.0000  0.0000 -0.0000 -0.6246 -0.6982 -0.0000  0.0000


 Q=  0.055482  0.166447 -0.055482, q= -0.250000 -0.250000  0.250000

                       Mn X   0        Mn Y   0        Mn Z   0         O X   1         O Y   1         O Z   1     
                    --------------- --------------- --------------- --------------- --------------- ---------------
    0   4.3321 THz  -0.6977  0.0000  0.0000  0.0000 -0.6977  0.0000 -0.1151 -0.0000  0.0000  0.0000 -0.1151 -0.0000
    1   5.0640 THz   0.5202  0.0000 -0.6749  0.0000 -0.5202  0.0000  0.0394  0.0000 -0.0071 -0.0000 -0.0394  0.0000
    2   7.2235 THz   0.4722  0.0000  0.7299  0.0000 -0.4722 -0.0000  0.0286 -0.0000  0.1400  0.0000 -0.0286 -0.0000
    3   8.5057 THz   0.1151  0.0000 -0.0000  0.0000  0.1151 -0.0000 -0.6977  0.0000 -0.0000 -0.0000 -0.6977  0.0000
    4   9.6278 THz   0.0046  0.0000  0.0764  0.0000 -0.0046  0.0000  0.5354  0.0000 -0.6486 -0.0000 -0.5354 -0.0000
    5  12.7477 THz  -0.0795  0.0000 -0.0766  0.0000  0.0795 -0.0000  0.4593  0.0000  0.7481 -0.0000 -0.4593 -0.0000


 Q= -0.166447 -0.055482  0.055482, q= -0.250000  0.000000 -0.500000

                       Mn X   0        Mn Y   0        Mn Z   0         O X   1         O Y   1         O Z   1     
                    --------------- --------------- --------------- --------------- --------------- ---------------
    0   4.3321 THz  -0.0000  0.0000 -0.6972  0.0264 -0.6972  0.0264  0.0000  0.0000 -0.1150  0.0043 -0.1150  0.0043
    1   5.0640 THz   0.6749  0.0000 -0.5202  0.0000  0.5202 -0.0000  0.0071  0.0000 -0.0394 -0.0000  0.0394  0.0000
    2   7.2235 THz  -0.7299  0.0000 -0.4722  0.0000  0.4722 -0.0000 -0.1400 -0.0000 -0.0286  0.0000  0.0286  0.0000
    3   8.5057 THz  -0.0000  0.0000  0.1132  0.0206  0.1132  0.0206  0.0000  0.0000 -0.6865 -0.1246 -0.6865 -0.1246
    4   9.6278 THz   0.0764  0.0000  0.0046 -0.0000 -0.0046  0.0000 -0.6486 -0.0000  0.5354  0.0000 -0.5354 -0.0000
    5  12.7477 THz  -0.0766  0.0000 -0.0795  0.0000  0.0795 -0.0000  0.7481  0.0000  0.4593  0.0000 -0.4593 -0.0000


 Q= -0.110964  0.000000  0.000000, q= -0.250000  0.000000 -0.250000

                       Mn X   0        Mn Y   0        Mn Z   0         O X   1         O Y   1         O Z   1     
                    --------------- --------------- --------------- --------------- --------------- ---------------
    0   3.5944 THz   0.0000  0.0000  0.3666 -0.0039  0.8766 -0.0522 -0.0000 -0.0000  0.1183 -0.0013  0.2830 -0.0168
    1   3.5944 THz   0.0000  0.0000  0.8609 -0.1732 -0.3555  0.0898 -0.0000 -0.0000  0.2779 -0.0559 -0.1147  0.0290
    2   5.5725 THz   0.9368  0.0000  0.0000 -0.0000  0.0000 -0.0000  0.3498  0.0000 -0.0000 -0.0000  0.0000  0.0000
    3   8.4691 THz   0.0000  0.0000  0.1564 -0.0730  0.2225 -0.1227 -0.0000 -0.0000 -0.4845  0.2260 -0.6894  0.3802
    4   8.4691 THz   0.0000  0.0000  0.2356 -0.0951 -0.1553  0.0753  0.0000  0.0000 -0.7300  0.2947  0.4811 -0.2331
    5  13.5907 THz   0.3498  0.0000 -0.0000  0.0000 -0.0000  0.0000 -0.9368 -0.0000  0.0000  0.0000 -0.0000 -0.0000


 Q= -0.055482  0.055482 -0.055482, q= -0.250000  0.000000  0.000000

                       Mn X   0        Mn Y   0        Mn Z   0         O X   1         O Y   1         O Z   1     
                    --------------- --------------- --------------- --------------- --------------- ---------------
    0   2.8834 THz   0.5223  0.0000 -0.2183 -0.0326 -0.7406 -0.0326  0.2009 -0.0000 -0.0840 -0.0125 -0.2849 -0.0125
    1   2.8834 THz   0.5549  0.0000  0.7288  0.0307  0.1738  0.0307  0.2135 -0.0000  0.2803  0.0118  0.0669  0.0118
    2   5.9839 THz   0.5276  0.0000 -0.5276  0.0000  0.5276 -0.0000  0.2345 -0.0000 -0.2345 -0.0000  0.2345 -0.0000
    3   7.4166 THz   0.2856  0.0000  0.0882 -0.0176 -0.1974 -0.0176 -0.7424  0.0000 -0.2292  0.0456  0.5131  0.0456
    4   7.4166 THz   0.0662  0.0000  0.2685  0.0757  0.2023  0.0757 -0.1722 -0.0000 -0.6981 -0.1968 -0.5260 -0.1968
    5  14.8796 THz  -0.2345  0.0000  0.2345  0.0000 -0.2345 -0.0000  0.5276  0.0000 -0.5276 -0.0000  0.5276  0.0000


 Q=  0.000000  0.110964 -0.110964, q= -0.250000  0.000000  0.250000

                       Mn X   0        Mn Y   0        Mn Z   0         O X   1         O Y   1         O Z   1     
                    --------------- --------------- --------------- --------------- --------------- ---------------
    0   3.9255 THz  -0.0000  0.0000 -0.6980 -0.0696 -0.6980 -0.0696 -0.0000 -0.0000 -0.0887 -0.0088 -0.0887 -0.0088
    1   5.0427 THz  -0.9900  0.0000  0.0000 -0.0000  0.0000  0.0000 -0.1411  0.0000  0.0000  0.0000  0.0000  0.0000
    2   7.1290 THz   0.0000  0.0000 -0.6238 -0.2819  0.6238  0.2819 -0.0000 -0.0000 -0.1615 -0.0730  0.1615  0.0730
    3   7.4716 THz  -0.0000  0.0000  0.0871  0.0191  0.0871  0.0191  0.0000  0.0000 -0.6852 -0.1502 -0.6852 -0.1502
    4   9.8125 THz   0.1411  0.0000  0.0000  0.0000 -0.0000 -0.0000 -0.9900  0.0000  0.0000  0.0000 -0.0000 -0.0000
    5  13.3169 THz   0.0000  0.0000 -0.1056 -0.1423  0.1056  0.1423  0.0000  0.0000  0.4077  0.5499 -0.4077 -0.5499


 Q= -0.221929 -0.110964  0.000000, q= -0.250000  0.250000 -0.500000

                       Mn X   0        Mn Y   0        Mn Z   0         O X   1         O Y   1         O Z   1     
                    --------------- --------------- --------------- --------------- --------------- ---------------
    0   5.5336 THz  -0.0000  0.0000  0.2893  0.9572 -0.0000 -0.0000  0.0000  0.0000 -0.0000  0.0000 -0.0000 -0.0000
    1   5.8686 THz  -0.9986  0.0000 -0.0000 -0.0000 -0.0000  0.0000  0.0531  0.0000 -0.0000  0.0000 -0.0000  0.0000
    2   5.8686 THz  -0.0000  0.0000  0.0000  0.0000  0.9490 -0.3108  0.0000  0.0000 -0.0000 -0.0000  0.0505 -0.0165
    3  10.1674 THz  -0.0000  0.0000 -0.0000  0.0000  0.0000 -0.0000 -0.0000  0.0000  0.9481 -0.3181  0.0000 -0.0000
    4  10.8873 THz   0.0000  0.0000 -0.0000 -0.0000 -0.0384  0.0367  0.0000 -0.0000 -0.0000  0.0000  0.7226 -0.6892
    5  10.8873 THz   0.0531  0.0000 -0.0000 -0.0000  0.0000  0.0000  0.9986  0.0000  0.0000  0.0000 -0.0000 -0.0000


 Q= -0.166447 -0.055482 -0.055482, q= -0.250000  0.250000 -0.250000

                       Mn X   0        Mn Y   0        Mn Z   0         O X   1         O Y   1         O Z   1     
                    --------------- --------------- --------------- --------------- --------------- ---------------
    0   4.3321 THz  -0.0000  0.0000 -0.6977  0.0066  0.6977 -0.0066  0.0000  0.0000 -0.1151  0.0011  0.1151 -0.0011
    1   5.0640 THz  -0.6749  0.0000  0.5202 -0.0000  0.5202 -0.0000 -0.0071 -0.0000  0.0394  0.0000  0.0394  0.0000
    2   7.2235 THz  -0.7299  0.0000 -0.4722  0.0000 -0.4722  0.0000 -0.1400 -0.0000 -0.0286  0.0000 -0.0286 -0.0000
    3   8.5057 THz  -0.0000  0.0000 -0.0327  0.1103  0.0327 -0.1103 -0.0000  0.0000  0.1983 -0.6689 -0.1983  0.6689
    4   9.6278 THz   0.0764  0.0000  0.0046  0.0000  0.0046  0.0000 -0.6486 -0.0000  0.5354  0.0000  0.5354  0.0000
    5  12.7477 THz  -0.0766  0.0000 -0.0795 -0.0000 -0.0795  0.0000  0.7481  0.0000  0.4593  0.0000  0.4593  0.0000


 Q= -0.110964  0.000000 -0.110964, q= -0.250000  0.250000  0.000000

                       Mn X   0        Mn Y   0        Mn Z   0         O X   1         O Y   1         O Z   1     
                    --------------- --------------- --------------- --------------- --------------- ---------------
    0   3.9255 THz   0.7015  0.0000  0.0000  0.0000 -0.7015  0.0000  0.0891  0.0000  0.0000  0.0000 -0.0891 -0.0000
    1   5.0427 THz  -0.0000  0.0000  0.9900  0.0091  0.0000 -0.0000  0.0000 -0.0000  0.1411  0.0013 -0.0000 -0.0000
    2   7.1290 THz   0.6845  0.0000  0.0000  0.0000  0.6845 -0.0000  0.1772 -0.0000 -0.0000 -0.0000  0.1772  0.0000
    3   7.4716 THz   0.0891  0.0000  0.0000  0.0000 -0.0891  0.0000 -0.7015  0.0000  0.0000 -0.0000  0.7015 -0.0000
    4   9.8125 THz  -0.0000  0.0000  0.0702  0.1224 -0.0000  0.0000 -0.0000 -0.0000 -0.4926 -0.8587  0.0000  0.0000
    5  13.3169 THz   0.1772  0.0000 -0.0000  0.0000  0.1772 -0.0000 -0.6845  0.0000 -0.0000  0.0000 -0.6845  0.0000


 Q= -0.055482  0.055482 -0.166447, q= -0.250000  0.250000  0.250000

                       Mn X   0        Mn Y   0        Mn Z   0         O X   1         O Y   1         O Z   1     
                    --------------- --------------- --------------- --------------- --------------- ---------------
    0   4.3321 THz   0.6977  0.0000  0.6977  0.0000 -0.0000  0.0000  0.1151  0.0000  0.1151  0.0000 -0.0000 -0.0000
    1   5.0640 THz  -0.5202  0.0000  0.5202  0.0000  0.6749  0.0000 -0.0394  0.0000  0.0394  0.0000  0.0071 -0.0000
    2   7.2235 THz   0.4722  0.0000 -0.4722  0.0000  0.7299 -0.0000  0.0286 -0.0000 -0.0286 -0.0000  0.1400 -0.0000
    3   8.5057 THz   0.1151  0.0000  0.1151 -0.0000  0.0000  0.0000 -0.6977  0.0000 -0.6977  0.0000  0.0000 -0.0000
    4   9.6278 THz   0.0046  0.0000 -0.0046  0.0000  0.0764 -0.0000  0.5354 -0.0000 -0.5354  0.0000 -0.6486  0.0000
    5  12.7477 THz  -0.0795  0.0000  0.0795 -0.0000 -0.0766 -0.0000  0.4593  0.0000 -0.4593 -0.0000  0.7481  0.0000


 Q=  0.000000  0.000000  0.221929, q=  0.000000 -0.500000 -0.500000

                       Mn X   0        Mn Y   0        Mn Z   0         O X   1         O Y   1         O Z   1     
                    --------------- --------------- --------------- --------------- --------------- ---------------
    0   4.6369 THz   0.0000  0.0000 -0.9649 -0.1743 -0.0000  0.0000 -0.0000 -0.0000 -0.1933 -0.0349 -0.0000 -0.0000
    1   4.6369 THz   0.9805  0.0000 -0.0000 -0.0000 -0.0000 -0.0000  0.1965  0.0000  0.0000 -0.0000 -0.0000  0.0000
    2   6.6670 THz   0.0000  0.0000  0.0000  0.0000 -0.1591 -0.9871 -0.0000 -0.0000 -0.0000  0.0000 -0.0023 -0.0145
    3   9.4046 THz   0.0000  0.0000 -0.1725  0.0941  0.0000  0.0000 -0.0000 -0.0000  0.8608 -0.4695  0.0000  0.0000
    4   9.4046 THz  -0.1965  0.0000 -0.0000 -0.0000 -0.0000 -0.0000  0.9805  0.0000  0.0000 -0.0000 -0.0000  0.0000
    5  11.9882 THz   0.0000  0.0000  0.0000  0.0000  0.0124  0.0079 -0.0000 -0.0000  0.0000  0.0000 -0.8418 -0.5396


 Q=  0.055482  0.055482  0.166447, q=  0.000000 -0.500000 -0.250000

                       Mn X   0        Mn Y   0        Mn Z   0         O X   1         O Y   1         O Z   1     
                    --------------- --------------- --------------- --------------- --------------- ---------------
    0   4.3321 THz   0.6977  0.0000 -0.6977  0.0000  0.0000 -0.0000  0.1151  0.0000 -0.1151 -0.0000 -0.0000 -0.0000
    1   5.0640 THz   0.5202  0.0000  0.5202 -0.0000 -0.6749  0.0000  0.0394  0.0000  0.0394  0.0000 -0.0071 -0.0000
    2   7.2235 THz   0.4722  0.0000  0.4722 -0.0000  0.7299  0.0000  0.0286  0.0000  0.0286  0.0000  0.1400  0.0000
    3   8.5057 THz  -0.1151  0.0000  0.1151  0.0000 -0.0000  0.0000  0.6977  0.0000 -0.6977 -0.0000 -0.0000 -0.0000
    4   9.6278 THz   0.0046  0.0000  0.0046  0.0000  0.0764 -0.0000  0.5354 -0.0000  0.5354 -0.0000 -0.6486  0.0000
    5  12.7477 THz  -0.0795  0.0000 -0.0795  0.0000 -0.0766 -0.0000  0.4593  0.0000  0.4593  0.0000  0.7481  0.0000


 Q=  0.110964  0.110964  0.110964, q=  0.000000 -0.500000  0.000000

                       Mn X   0        Mn Y   0        Mn Z   0         O X   1         O Y   1         O Z   1     
                    --------------- --------------- --------------- --------------- --------------- ---------------
    0   4.0309 THz   0.8165  0.0000 -0.4082 -0.0000 -0.4082 -0.0000  0.0000 -0.0000 -0.0000  0.0000 -0.0000 -0.0000
    1   4.0309 THz   0.0000  0.0000 -0.6987 -0.1084  0.6987  0.1084 -0.0000  0.0000 -0.0000 -0.0000 -0.0000  0.0000
    2   7.3971 THz   0.0000  0.0000  0.0000  0.0000  0.0000 -0.0000  0.3412  0.4406  0.0974  0.2216 -0.4387 -0.6622
    3   7.3971 THz   0.0000  0.0000 -0.0000 -0.0000  0.0000  0.0000  0.1368 -0.5809 -0.2316  0.7446  0.0948 -0.1637
    4   8.9479 THz  -0.5774  0.0000 -0.5774 -0.0000 -0.5774 -0.0000  0.0000 -0.0000 -0.0000  0.0000 -0.0000 -0.0000
    5  13.8835 THz   0.0000  0.0000  0.0000  0.0000 -0.0000 -0.0000 -0.3327 -0.4718 -0.3327 -0.4718 -0.3327 -0.4718


 Q=  0.166447  0.166447  0.055482, q=  0.000000 -0.500000  0.250000

                       Mn X   0        Mn Y   0        Mn Z   0         O X   1         O Y   1         O Z   1     
                    --------------- --------------- --------------- --------------- --------------- ---------------
    0   4.3321 THz   0.6977  0.0000 -0.6977  0.0000  0.0000 -0.0000 -0.1151  0.0000  0.1151  0.0000  0.0000 -0.0000
    1   5.0640 THz   0.5202  0.0000  0.5202 -0.0000 -0.6749 -0.0000 -0.0394  0.0000 -0.0394  0.0000  0.0071 -0.0000
    2   7.2235 THz  -0.4722  0.0000 -0.4722  0.0000 -0.7299 -0.0000  0.0286  0.0000  0.0286  0.0000  0.1400  0.0000
    3   8.5057 THz   0.1151  0.0000 -0.1151  0.0000  0.0000 -0.0000  0.6977  0.0000 -0.6977  0.0000 -0.0000 -0.0000
    4   9.6278 THz  -0.0046  0.0000 -0.0046 -0.0000 -0.0764 -0.0000  0.5354  0.0000  0.5354  0.0000 -0.6486 -0.0000
    5  12.7477 THz  -0.0795  0.0000 -0.0795  0.0000 -0.0766  0.0000 -0.4593  0.0000 -0.4593  0.0000 -0.7481 -0.0000


 Q= -0.055482 -0.055482  0.166447, q=  0.000000 -0.250000 -0.500000

                       Mn X   0        Mn Y   0        Mn Z   0         O X   1         O Y   1         O Z   1     
                    --------------- --------------- --------------- --------------- --------------- ---------------
    0   4.3321 THz  -0.6977  0.0000  0.6977  0.0000  0.0000  0.0000 -0.1151 -0.0000  0.1151  0.0000  0.0000 -0.0000
    1   5.0640 THz   0.5202  0.0000  0.5202  0.0000  0.6749  0.0000  0.0394  0.0000  0.0394  0.0000  0.0071 -0.0000
    2   7.2235 THz   0.4722  0.0000  0.4722  0.0000 -0.7299  0.0000  0.0286  0.0000  0.0286  0.0000 -0.1400 -0.0000
    3   8.5057 THz  -0.1151  0.0000  0.1151 -0.0000  0.0000  0.0000  0.6977  0.0000 -0.6977 -0.0000 -0.0000 -0.0000
    4   9.6278 THz  -0.0046  0.0000 -0.0046  0.0000  0.0764 -0.0000 -0.5354  0.0000 -0.5354  0.0000 -0.6486  0.0000
    5  12.7477 THz  -0.0795  0.0000 -0.0795 -0.0000  0.0766  0.0000  0.4593  0.0000  0.4593  0.0000 -0.7481 -0.0000


 Q=  0.000000  0.000000  0.110964, q=  0.000000 -0.250000 -0.250000

                       Mn X   0        Mn Y   0        Mn Z   0         O X   1         O Y   1         O Z   1     
                    --------------- --------------- --------------- --------------- --------------- ---------------
    0   3.5944 THz   0.9517  0.0000 -0.0000 -0.0000  0.0000  0.0000  0.3072  0.0000  0.0000 -0.0000 -0.0000 -0.0000
    1   3.5944 THz   0.0000  0.0000 -0.9491 -0.0701 -0.0000 -0.0000 -0.0000 -0.0000 -0.3063 -0.0226 -0.0000 -0.0000
    2   5.5725 THz   0.0000  0.0000 -0.0000 -0.0000  0.0211  0.9366 -0.0000 -0.0000 -0.0000 -0.0000  0.0079  0.3497
    3   8.4691 THz  -0.3072  0.0000 -0.0000 -0.0000  0.0000  0.0000  0.9517  0.0000  0.0000 -0.0000 -0.0000 -0.0000
    4   8.4691 THz   0.0000  0.0000 -0.2947 -0.0866 -0.0000  0.0000 -0.0000 -0.0000  0.9130  0.2683 -0.0000 -0.0000
    5  13.5907 THz   0.0000  0.0000  0.0000  0.0000 -0.1723 -0.3044  0.0000  0.0000  0.0000  0.0000  0.4615  0.8153


 Q=  0.055482  0.055482  0.055482, q=  0.000000 -0.250000  0.000000

                       Mn X   0        Mn Y   0        Mn Z   0         O X   1         O Y   1         O Z   1     
                    --------------- --------------- --------------- --------------- --------------- ---------------
    0   2.8834 THz   0.5527  0.0000  0.1759 -0.0445 -0.7286  0.0445  0.2126  0.0000  0.0677 -0.0171 -0.2802  0.0171
    1   2.8834 THz   0.5247  0.0000 -0.7387  0.0469  0.2140 -0.0469  0.2018  0.0000 -0.2841  0.0180  0.0823 -0.0180
    2   5.9839 THz   0.5276  0.0000  0.5276 -0.0000  0.5276  0.0000  0.2345  0.0000  0.2345  0.0000  0.2345  0.0000
    3   7.4166 THz  -0.2905  0.0000  0.1749 -0.0163  0.1156  0.0163  0.7553  0.0000 -0.4547  0.0424 -0.3006 -0.0424
    4   7.4166 THz  -0.0391  0.0000 -0.2009  0.1212  0.2400 -0.1212  0.1015 -0.0000  0.5224 -0.3152 -0.6239  0.3152
    5  14.8796 THz   0.2345  0.0000  0.2345  0.0000  0.2345  0.0000 -0.5276 -0.0000 -0.5276 -0.0000 -0.5276 -0.0000


 Q=  0.110964  0.110964  0.000000, q=  0.000000 -0.250000  0.250000

                       Mn X   0        Mn Y   0        Mn Z   0         O X   1         O Y   1         O Z   1     
                    --------------- --------------- --------------- --------------- --------------- ---------------
    0   3.9255 THz  -0.7015  0.0000  0.7015  0.0000  0.0000 -0.0000 -0.0891 -0.0000  0.0891  0.0000  0.0000 -0.0000
    1   5.0427 THz   0.0000  0.0000 -0.0000  0.0000  0.9878 -0.0662 -0.0000  0.0000  0.0000 -0.0000  0.1408 -0.0094
    2   7.1290 THz   0.6845  0.0000  0.6845  0.0000 -0.0000  0.0000  0.1772 -0.0000  0.1772  0.0000 -0.0000  0.0000
    3   7.4716 THz   0.0891  0.0000 -0.0891  0.0000 -0.0000 -0.0000 -0.7015  0.0000  0.7015 -0.0000  0.0000  0.0000
    4   9.8125 THz  -0.0000  0.0000 -0.0000  0.0000  0.1221 -0.0707  0.0000  0.0000  0.0000  0.0000 -0.8567  0.4961
    5  13.3169 THz  -0.1772  0.0000 -0.1772 -0.0000 -0.0000  0.0000  0.6845 -0.0000  0.6845 -0.0000 -0.0000 -0.0000


 Q= -0.110964 -0.110964  0.110964, q=  0.000000  0.000000 -0.500000

                       Mn X   0        Mn Y   0        Mn Z   0         O X   1         O Y   1         O Z   1     
                    --------------- --------------- --------------- --------------- --------------- ---------------
    0   4.0309 THz   0.0000  0.0000 -0.0000 -0.7071 -0.0000 -0.7071  0.0000 -0.0000 -0.0000 -0.0000 -0.0000 -0.0000
    1   4.0309 THz   0.8165  0.0000 -0.4082  0.0000  0.4082 -0.0000  0.0000 -0.0000 -0.0000  0.0000  0.0000 -0.0000
    2   7.3971 THz   0.0000  0.0000  0.0000 -0.0000  0.0000 -0.0000 -0.3563  0.5031  0.2110  0.2109 -0.1452  0.7140
    3   7.3971 THz   0.0000  0.0000 -0.0000  0.0000 -0.0000  0.0000 -0.2693  0.4626  0.0496 -0.7584 -0.2197 -0.2958
    4   8.9479 THz  -0.5774  0.0000 -0.5774  0.0000  0.5774 -0.0000  0.0000 -0.0000 -0.0000  0.0000  0.0000 -0.0000
    5  13.8835 THz   0.0000  0.0000  0.0000  0.0000 -0.0000  0.0000 -0.0321  0.5765 -0.0321  0.5765  0.0321 -0.5765


 Q= -0.055482 -0.055482  0.055482, q=  0.000000  0.000000 -0.250000

                       Mn X   0        Mn Y   0        Mn Z   0         O X   1         O Y   1         O Z   1     
                    --------------- --------------- --------------- --------------- --------------- ---------------
    0   2.8834 THz  -0.3267  0.0000 -0.4327  0.0167 -0.7594  0.0167 -0.1257 -0.0000 -0.1664  0.0064 -0.2921  0.0064
    1   2.8834 THz  -0.6885  0.0000  0.6270 -0.0079 -0.0614 -0.0079 -0.2648 -0.0000  0.2412 -0.0031 -0.0236 -0.0031
    2   5.9839 THz  -0.5276  0.0000 -0.5276 -0.0000  0.5276  0.0000 -0.2345 -0.0000 -0.2345 -0.0000  0.2345  0.0000
    3   7.4166 THz   0.2685  0.0000 -0.2322 -0.0281  0.0363 -0.0281 -0.6980 -0.0000  0.6036  0.0730 -0.0944  0.0730
    4   7.4166 THz   0.1176  0.0000  0.1647  0.0641  0.2823  0.0641 -0.3058 -0.0000 -0.4282 -0.1666 -0.7340 -0.1666
    5  14.8796 THz  -0.2345  0.0000 -0.2345 -0.0000  0.2345 -0.0000  0.5276  0.0000  0.5276  0.0000 -0.5276 -0.0000


 Q=  0.000000  0.000000  0.000000, q=  0.000000  0.000000  0.000000

                       Mn X   0        Mn Y   0        Mn Z   0         O X   1         O Y   1         O Z   1     
                    --------------- --------------- --------------- --------------- --------------- ---------------
    0  -0.0000 THz   0.0000  0.0000  0.6533  0.0000  0.5896  0.0000 -0.0000  0.0000  0.3525  0.0000  0.3182  0.0000
    1   0.0000 THz   0.0000  0.0000  0.5896  0.0000 -0.6533  0.0000  0.0000  0.0000  0.3182  0.0000 -0.3525  0.0000
    2  -0.0000 THz   0.8800  0.0000  0.0000  0.0000  0.0000  0.0000  0.4749  0.0000 -0.0000  0.0000 -0.0000  0.0000
    3   7.4070 THz   0.1324  0.0000  0.3818  0.0000 -0.2494  0.0000 -0.2454  0.0000 -0.7076  0.0000  0.4622  0.0000
    4   7.4070 THz  -0.3645  0.0000 -0.0676  0.0000 -0.2969  0.0000  0.6754  0.0000  0.1252  0.0000  0.5502  0.0000
    5  15.3648 THz  -0.2742  0.0000  0.2742  0.0000  0.2742  0.0000  0.5081  0.0000 -0.5081  0.0000 -0.5081  0.0000


 Q=  0.055482  0.055482 -0.055482, q=  0.000000  0.000000  0.250000

                       Mn X   0        Mn Y   0        Mn Z   0         O X   1         O Y   1         O Z   1     
                    --------------- --------------- --------------- --------------- --------------- ---------------
    0   2.8834 THz  -0.3267  0.0000 -0.4327 -0.0167 -0.7594 -0.0167 -0.1257  0.0000 -0.1664 -0.0064 -0.2921 -0.0064
    1   2.8834 THz  -0.6885  0.0000  0.6270  0.0079 -0.0614  0.0079 -0.2648  0.0000  0.2412  0.0031 -0.0236  0.0031
    2   5.9839 THz  -0.5276  0.0000 -0.5276  0.0000  0.5276 -0.0000 -0.2345  0.0000 -0.2345  0.0000  0.2345 -0.0000
    3   7.4166 THz   0.2685  0.0000 -0.2322  0.0281  0.0363  0.0281 -0.6980  0.0000  0.6036 -0.0730 -0.0944 -0.0730
    4   7.4166 THz   0.1176  0.0000  0.1647 -0.0641  0.2823 -0.0641 -0.3058  0.0000 -0.4282  0.1666 -0.7340  0.1666
    5  14.8796 THz  -0.2345  0.0000 -0.2345  0.0000  0.2345  0.0000  0.5276 -0.0000  0.5276 -0.0000 -0.5276  0.0000


 Q= -0.166447 -0.166447  0.055482, q=  0.000000  0.250000 -0.500000

                       Mn X   0        Mn Y   0        Mn Z   0         O X   1         O Y   1         O Z   1     
                    --------------- --------------- --------------- --------------- --------------- ---------------
    0   4.3321 THz  -0.6977  0.0000  0.6977  0.0000 -0.0000  0.0000  0.1151 -0.0000 -0.1151 -0.0000  0.0000  0.0000
    1   5.0640 THz   0.5202  0.0000  0.5202  0.0000  0.6749 -0.0000 -0.0394  0.0000 -0.0394  0.0000 -0.0071  0.0000
    2   7.2235 THz  -0.4722  0.0000 -0.4722 -0.0000  0.7299 -0.0000  0.0286 -0.0000  0.0286  0.0000 -0.1400  0.0000
    3   8.5057 THz   0.1151  0.0000 -0.1151  0.0000 -0.0000 -0.0000  0.6977 -0.0000 -0.6977  0.0000  0.0000 -0.0000
    4   9.6278 THz   0.0046  0.0000  0.0046 -0.0000 -0.0764 -0.0000 -0.5354 -0.0000 -0.5354 -0.0000 -0.6486 -0.0000
    5  12.7477 THz  -0.0795  0.0000 -0.0795  0.0000  0.0766 -0.0000 -0.4593  0.0000 -0.4593  0.0000  0.7481 -0.0000


 Q= -0.110964 -0.110964  0.000000, q=  0.000000  0.250000 -0.250000

                       Mn X   0        Mn Y   0        Mn Z   0         O X   1         O Y   1         O Z   1     
                    --------------- --------------- --------------- --------------- --------------- ---------------
    0   3.9255 THz  -0.7015  0.0000  0.7015 -0.0000  0.0000  0.0000 -0.0891  0.0000  0.0891 -0.0000  0.0000  0.0000
    1   5.0427 THz   0.0000  0.0000 -0.0000 -0.0000  0.9878  0.0662 -0.0000 -0.0000  0.0000  0.0000  0.1408  0.0094
    2   7.1290 THz   0.6845  0.0000  0.6845 -0.0000 -0.0000 -0.0000  0.1772  0.0000  0.1772 -0.0000 -0.0000 -0.0000
    3   7.4716 THz   0.0891  0.0000 -0.0891 -0.0000 -0.0000  0.0000 -0.7015 -0.0000  0.7015  0.0000  0.0000 -0.0000
    4   9.8125 THz  -0.0000  0.0000 -0.0000 -0.0000  0.1221  0.0707  0.0000 -0.0000  0.0000 -0.0000 -0.8567 -0.4961
    5  13.3169 THz  -0.1772  0.0000 -0.1772  0.0000 -0.0000 -0.0000  0.6845  0.0000  0.6845  0.0000 -0.0000  0.0000


 Q= -0.055482 -0.055482 -0.055482, q=  0.000000  0.250000  0.000000

                       Mn X   0        Mn Y   0        Mn Z   0         O X   1         O Y   1         O Z   1     
                    --------------- --------------- --------------- --------------- --------------- ---------------
    0   2.8834 THz   0.5527  0.0000  0.1759  0.0445 -0.7286 -0.0445  0.2126 -0.0000  0.0677  0.0171 -0.2802 -0.0171
    1   2.8834 THz   0.5247  0.0000 -0.7387 -0.0469  0.2140  0.0469  0.2018 -0.0000 -0.2841 -0.0180  0.0823  0.0180
    2   5.9839 THz   0.5276  0.0000  0.5276  0.0000  0.5276 -0.0000  0.2345 -0.0000  0.2345 -0.0000  0.2345 -0.0000
    3   7.4166 THz  -0.2905  0.0000  0.1749  0.0163  0.1156 -0.0163  0.7553 -0.0000 -0.4547 -0.0424 -0.3006  0.0424
    4   7.4166 THz  -0.0391  0.0000 -0.2009 -0.1212  0.2400  0.1212  0.1015  0.0000  0.5224  0.3152 -0.6239 -0.3152
    5  14.8796 THz   0.2345  0.0000  0.2345 -0.0000  0.2345 -0.0000 -0.5276  0.0000 -0.5276  0.0000 -0.5276  0.0000


 Q=  0.000000  0.000000 -0.110964, q=  0.000000  0.250000  0.250000

                       Mn X   0        Mn Y   0        Mn Z   0         O X   1         O Y   1         O Z   1     
                    --------------- --------------- --------------- --------------- --------------- ---------------
    0   3.5944 THz   0.9517  0.0000 -0.0000  0.0000  0.0000 -0.0000  0.3072 -0.0000  0.0000  0.0000 -0.0000  0.0000
    1   3.5944 THz   0.0000  0.0000 -0.9491  0.0701 -0.0000  0.0000 -0.0000  0.0000 -0.3063  0.0226 -0.0000  0.0000
    2   5.5725 THz   0.0000  0.0000 -0.0000  0.0000  0.0211 -0.9366 -0.0000  0.0000 -0.0000  0.0000  0.0079 -0.3497
    3   8.4691 THz  -0.3072  0.0000 -0.0000  0.0000  0.0000 -0.0000  0.9517 -0.0000  0.0000  0.0000 -0.0000  0.0000
    4   8.4691 THz   0.0000  0.0000 -0.2947  0.0866 -0.0000 -0.0000 -0.0000  0.0000  0.9130 -0.2683 -0.0000  0.0000
    5  13.5907 THz   0.0000  0.0000  0.0000 -0.0000 -0.1723  0.3044  0.0000 -0.0000  0.0000 -0.0000  0.4615 -0.8153


 Q=  0.055482 -0.055482  0.277411, q=  0.250000 -0.500000 -0.500000

                       Mn X   0        Mn Y   0        Mn Z   0         O X   1         O Y   1         O Z   1     
                    --------------- --------------- --------------- --------------- --------------- ---------------
    0   4.3321 THz  -0.6977  0.0000 -0.6977 -0.0000  0.0000 -0.0000 -0.1151 -0.0000 -0.1151 -0.0000 -0.0000  0.0000
    1   5.0640 THz  -0.5202  0.0000  0.5202 -0.0000 -0.6749 -0.0000 -0.0394 -0.0000  0.0394  0.0000 -0.0071  0.0000
    2   7.2235 THz   0.4722  0.0000 -0.4722 -0.0000 -0.7299 -0.0000  0.0286  0.0000 -0.0286 -0.0000 -0.1400 -0.0000
    3   8.5057 THz   0.1151  0.0000  0.1151 -0.0000 -0.0000  0.0000 -0.6977 -0.0000 -0.6977 -0.0000 -0.0000 -0.0000
    4   9.6278 THz  -0.0046  0.0000  0.0046  0.0000  0.0764  0.0000 -0.5354 -0.0000  0.5354  0.0000 -0.6486 -0.0000
    5  12.7477 THz  -0.0795  0.0000  0.0795 -0.0000  0.0766  0.0000  0.4593  0.0000 -0.4593 -0.0000 -0.7481 -0.0000


 Q=  0.110964  0.000000  0.221929, q=  0.250000 -0.500000 -0.250000

                       Mn X   0        Mn Y   0        Mn Z   0         O X   1         O Y   1         O Z   1     
                    --------------- --------------- --------------- --------------- --------------- ---------------
    0   5.5336 THz   1.0000  0.0000  0.0000  0.0000  0.0000  0.0000  0.0000  0.0000  0.0000  0.0000  0.0000  0.0000
    1   5.8686 THz   0.0000  0.0000  0.9428  0.1160  0.2993  0.0724  0.0000  0.0000  0.0501  0.0062 -0.0159 -0.0039
    2   5.8686 THz   0.0000  0.0000 -0.2402  0.1927  0.8043 -0.5054 -0.0000 -0.0000 -0.0128  0.0102 -0.0428  0.0269
    3  10.1674 THz  -0.0000 -0.0000 -0.0000 -0.0000  0.0000 -0.0000 -0.2290  0.9734  0.0000  0.0000 -0.0000 -0.0000
    4  10.8873 THz   0.0000  0.0000  0.0138  0.0451  0.0134 -0.0204  0.0000  0.0000 -0.2592 -0.8479  0.2525 -0.3838
    5  10.8873 THz   0.0000  0.0000  0.0120  0.0213 -0.0168  0.0440 -0.0000  0.0000 -0.2256 -0.4003 -0.3168  0.8281


 Q=  0.166447  0.055482  0.166447, q=  0.250000 -0.500000  0.000000

                       Mn X   0        Mn Y   0        Mn Z   0         O X   1         O Y   1         O Z   1     
                    --------------- --------------- --------------- --------------- --------------- ---------------
    0   4.3321 THz   0.6977  0.0000  0.0000 -0.0000 -0.6977  0.0000 -0.1151  0.0000 -0.0000  0.0000  0.1151 -0.0000
    1   5.0640 THz   0.5202  0.0000 -0.6749  0.0000  0.5202 -0.0000 -0.0394 -0.0000  0.0071  0.0000 -0.0394  0.0000
    2   7.2235 THz  -0.4722  0.0000 -0.7299 -0.0000 -0.4722 -0.0000  0.0286 -0.0000  0.1400 -0.0000  0.0286 -0.0000
    3   8.5057 THz  -0.1151  0.0000 -0.0000  0.0000  0.1151  0.0000 -0.6977 -0.0000  0.0000  0.0000  0.6977 -0.0000
    4   9.6278 THz   0.0046  0.0000  0.0764  0.0000  0.0046  0.0000 -0.5354 -0.0000  0.6486  0.0000 -0.5354 -0.0000
    5  12.7477 THz  -0.0795  0.0000 -0.0766  0.0000 -0.0795 -0.0000 -0.4593  0.0000 -0.7481  0.0000 -0.4593  0.0000


 Q=  0.221929  0.110964  0.110964, q=  0.250000 -0.500000  0.250000

                       Mn X   0        Mn Y   0        Mn Z   0         O X   1         O Y   1         O Z   1     
                    --------------- --------------- --------------- --------------- --------------- ---------------
    0   3.9255 THz   0.0000  0.0000  0.7002 -0.0418 -0.7002  0.0418 -0.0000  0.0000 -0.0890  0.0053  0.0890 -0.0053
    1   5.0427 THz  -0.9900  0.0000  0.0000 -0.0000 -0.0000 -0.0000  0.1411  0.0000 -0.0000 -0.0000 -0.0000  0.0000
    2   7.1290 THz   0.0000  0.0000 -0.2718 -0.6283 -0.2718 -0.6283  0.0000 -0.0000  0.0704  0.1626  0.0704  0.1626
    3   7.4716 THz  -0.0000  0.0000 -0.0472  0.0756  0.0472 -0.0756  0.0000 -0.0000 -0.3713  0.5952  0.3713 -0.5952
    4   9.8125 THz   0.1411  0.0000 -0.0000  0.0000 -0.0000  0.0000  0.9900  0.0000 -0.0000  0.0000 -0.0000  0.0000
    5  13.3169 THz  -0.0000  0.0000  0.0947  0.1498  0.0947  0.1498  0.0000  0.0000  0.3658  0.5786  0.3658  0.5786


 Q=  0.000000 -0.110964  0.221929, q=  0.250000 -0.250000 -0.500000

                       Mn X   0        Mn Y   0        Mn Z   0         O X   1         O Y   1         O Z   1     
                    --------------- --------------- --------------- --------------- --------------- ---------------
    0   5.5336 THz  -0.0000  0.0000  0.9851 -0.1719 -0.0000  0.0000  0.0000 -0.0000 -0.0000 -0.0000  0.0000 -0.0000
    1   5.8686 THz   0.0000  0.0000 -0.0000  0.0000 -0.8564  0.5136  0.0000 -0.0000 -0.0000 -0.0000  0.0455 -0.0273
    2   5.8686 THz   0.9986  0.0000  0.0000 -0.0000  0.0000 -0.0000  0.0531  0.0000  0.0000 -0.0000 -0.0000 -0.0000
    3  10.1674 THz   0.0000  0.0000  0.0000 -0.0000 -0.0000  0.0000 -0.0000 -0.0000  0.3064  0.9519 -0.0000 -0.0000
    4  10.8873 THz   0.0000  0.0000  0.0000  0.0000  0.0506  0.0163 -0.0003  0.0000  0.0000  0.0000  0.9505  0.3062
    5  10.8873 THz   0.0531  0.0000  0.0000  0.0000 -0.0000 -0.0000 -0.9986 -0.0000 -0.0000 -0.0000 -0.0002 -0.0001


 Q=  0.055482 -0.055482  0.166447, q=  0.250000 -0.250000 -0.250000

                       Mn X   0        Mn Y   0        Mn Z   0         O X   1         O Y   1         O Z   1     
                    --------------- --------------- --------------- --------------- --------------- ---------------
    0   4.3321 THz   0.6977  0.0000  0.6977 -0.0000 -0.0000 -0.0000  0.1151 -0.0000  0.1151 -0.0000 -0.0000  0.0000
    1   5.0640 THz  -0.5202  0.0000  0.5202 -0.0000  0.6749 -0.0000 -0.0394 -0.0000  0.0394 -0.0000  0.0071  0.0000
    2   7.2235 THz   0.4722  0.0000 -0.4722 -0.0000  0.7299  0.0000  0.0286  0.0000 -0.0286  0.0000  0.1400  0.0000
    3   8.5057 THz   0.1151  0.0000  0.1151  0.0000  0.0000 -0.0000 -0.6977 -0.0000 -0.6977 -0.0000  0.0000  0.0000
    4   9.6278 THz   0.0046  0.0000 -0.0046 -0.0000  0.0764  0.0000  0.5354  0.0000 -0.5354 -0.0000 -0.6486 -0.0000
    5  12.7477 THz  -0.0795  0.0000  0.0795  0.0000 -0.0766  0.0000  0.4593 -0.0000 -0.4593  0.0000  0.7481 -0.0000


 Q=  0.110964  0.000000  0.110964, q=  0.250000 -0.250000  0.000000

                       Mn X   0        Mn Y   0        Mn Z   0         O X   1         O Y   1         O Z   1     
                    --------------- --------------- --------------- --------------- --------------- ---------------
    0   3.9255 THz   0.7015  0.0000  0.0000 -0.0000 -0.7015 -0.0000  0.0891 -0.0000  0.0000 -0.0000 -0.0891  0.0000
    1   5.0427 THz  -0.0000  0.0000  0.9900 -0.0091  0.0000  0.0000  0.0000  0.0000  0.1411 -0.0013 -0.0000  0.0000
    2   7.1290 THz   0.6845  0.0000  0.0000 -0.0000  0.6845  0.0000  0.1772  0.0000 -0.0000  0.0000  0.1772 -0.0000
    3   7.4716 THz   0.0891  0.0000  0.0000 -0.0000 -0.0891 -0.0000 -0.7015 -0.0000  0.0000  0.0000  0.7015  0.0000
    4   9.8125 THz  -0.0000  0.0000  0.0702 -0.1224 -0.0000 -0.0000 -0.0000  0.0000 -0.4926  0.8587  0.0000 -0.0000
    5  13.3169 THz   0.1772  0.0000 -0.0000 -0.0000  0.1772  0.0000 -0.6845 -0.0000 -0.0000 -0.0000 -0.6845 -0.0000


 Q=  0.166447  0.055482  0.055482, q=  0.250000 -0.250000  0.250000

                       Mn X   0        Mn Y   0        Mn Z   0         O X   1         O Y   1         O Z   1     
                    --------------- --------------- --------------- --------------- --------------- ---------------
    0   4.3321 THz  -0.0000  0.0000 -0.6977 -0.0066  0.6977  0.0066  0.0000 -0.0000 -0.1151 -0.0011  0.1151  0.0011
    1   5.0640 THz  -0.6749  0.0000  0.5202  0.0000  0.5202  0.0000 -0.0071  0.0000  0.0394 -0.0000  0.0394 -0.0000
    2   7.2235 THz  -0.7299  0.0000 -0.4722 -0.0000 -0.4722 -0.0000 -0.1400  0.0000 -0.0286 -0.0000 -0.0286  0.0000
    3   8.5057 THz  -0.0000  0.0000 -0.0327 -0.1103  0.0327  0.1103 -0.0000 -0.0000  0.1983  0.6689 -0.1983 -0.6689
    4   9.6278 THz   0.0764  0.0000  0.0046 -0.0000  0.0046 -0.0000 -0.6486  0.0000  0.5354 -0.0000  0.5354 -0.0000
    5  12.7477 THz  -0.0766  0.0000 -0.0795  0.0000 -0.0795 -0.0000  0.7481 -0.0000  0.4593 -0.0000  0.4593 -0.0000


 Q= -0.055482 -0.166447  0.166447, q=  0.250000  0.000000 -0.500000

                       Mn X   0        Mn Y   0        Mn Z   0         O X   1         O Y   1         O Z   1     
                    --------------- --------------- --------------- --------------- --------------- ---------------
    0   4.3321 THz   0.0000  0.0000  0.6602 -0.2257  0.6602 -0.2257  0.0000 -0.0000 -0.1089  0.0372 -0.1089  0.0372
    1   5.0640 THz   0.6749  0.0000 -0.5202  0.0000  0.5202  0.0000 -0.0071 -0.0000  0.0394 -0.0000 -0.0394 -0.0000
    2   7.2235 THz  -0.7299  0.0000 -0.4722  0.0000  0.4722 -0.0000  0.1400 -0.0000  0.0286 -0.0000 -0.0286  0.0000
    3   8.5057 THz   0.0000  0.0000 -0.1127  0.0231 -0.1127  0.0231 -0.0000  0.0000 -0.6835  0.1400 -0.6835  0.1400
    4   9.6278 THz  -0.0764  0.0000 -0.0046  0.0000  0.0046 -0.0000 -0.6486 -0.0000  0.5354  0.0000 -0.5354 -0.0000
    5  12.7477 THz  -0.0766  0.0000 -0.0795 -0.0000  0.0795  0.0000 -0.7481  0.0000 -0.4593  0.0000  0.4593 -0.0000


 Q=  0.000000 -0.110964  0.110964, q=  0.250000  0.000000 -0.250000

                       Mn X   0        Mn Y   0        Mn Z   0         O X   1         O Y   1         O Z   1     
                    --------------- --------------- --------------- --------------- --------------- ---------------
    0   3.9255 THz  -0.0000  0.0000 -0.6980  0.0696 -0.6980  0.0696 -0.0000  0.0000 -0.0887  0.0088 -0.0887  0.0088
    1   5.0427 THz  -0.9900  0.0000  0.0000  0.0000  0.0000 -0.0000 -0.1411 -0.0000  0.0000 -0.0000  0.0000 -0.0000
    2   7.1290 THz   0.0000  0.0000 -0.6238  0.2819  0.6238 -0.2819 -0.0000  0.0000 -0.1615  0.0730  0.1615 -0.0730
    3   7.4716 THz  -0.0000  0.0000  0.0871 -0.0191  0.0871 -0.0191  0.0000 -0.0000 -0.6852  0.1502 -0.6852  0.1502
    4   9.8125 THz   0.1411  0.0000  0.0000 -0.0000 -0.0000  0.0000 -0.9900 -0.0000  0.0000 -0.0000 -0.0000  0.0000
    5  13.3169 THz   0.0000  0.0000 -0.1056  0.1423  0.1056 -0.1423  0.0000 -0.0000  0.4077 -0.5499 -0.4077  0.5499


 Q=  0.055482 -0.055482  0.055482, q=  0.250000  0.000000  0.000000

                       Mn X   0        Mn Y   0        Mn Z   0         O X   1         O Y   1         O Z   1     
                    --------------- --------------- --------------- --------------- --------------- ---------------
    0   2.8834 THz   0.5223  0.0000 -0.2183  0.0326 -0.7406  0.0326  0.2009  0.0000 -0.0840  0.0125 -0.2849  0.0125
    1   2.8834 THz   0.5549  0.0000  0.7288 -0.0307  0.1738 -0.0307  0.2135  0.0000  0.2803 -0.0118  0.0669 -0.0118
    2   5.9839 THz   0.5276  0.0000 -0.5276 -0.0000  0.5276  0.0000  0.2345  0.0000 -0.2345  0.0000  0.2345  0.0000
    3   7.4166 THz   0.2856  0.0000  0.0882  0.0176 -0.1974  0.0176 -0.7424 -0.0000 -0.2292 -0.0456  0.5131 -0.0456
    4   7.4166 THz   0.0662  0.0000  0.2685 -0.0757  0.2023 -0.0757 -0.1722  0.0000 -0.6981  0.1968 -0.5260  0.1968
    5  14.8796 THz  -0.2345  0.0000  0.2345 -0.0000 -0.2345  0.0000  0.5276 -0.0000 -0.5276  0.0000  0.5276 -0.0000


 Q=  0.110964  0.000000  0.000000, q=  0.250000  0.000000  0.250000

                       Mn X   0        Mn Y   0        Mn Z   0         O X   1         O Y   1         O Z   1     
                    --------------- --------------- --------------- --------------- --------------- ---------------
    0   3.5944 THz   0.0000  0.0000  0.3666  0.0039  0.8766  0.0522 -0.0000  0.0000  0.1183  0.0013  0.2830  0.0168
    1   3.5944 THz   0.0000  0.0000  0.8609  0.1732 -0.3555 -0.0898 -0.0000  0.0000  0.2779  0.0559 -0.1147 -0.0290
    2   5.5725 THz   0.9368  0.0000  0.0000  0.0000  0.0000  0.0000  0.3498 -0.0000 -0.0000  0.0000  0.0000 -0.0000
    3   8.4691 THz   0.0000  0.0000  0.1564  0.0730  0.2225  0.1227 -0.0000  0.0000 -0.4845 -0.2260 -0.6894 -0.3802
    4   8.4691 THz   0.0000  0.0000  0.2356  0.0951 -0.1553 -0.0753  0.0000 -0.0000 -0.7300 -0.2947  0.4811  0.2331
    5  13.5907 THz   0.3498  0.0000 -0.0000 -0.0000 -0.0000 -0.0000 -0.9368  0.0000  0.0000 -0.0000 -0.0000  0.0000


 Q= -0.110964 -0.221929  0.110964, q=  0.250000  0.250000 -0.500000

                       Mn X   0        Mn Y   0        Mn Z   0         O X   1         O Y   1         O Z   1     
                    --------------- --------------- --------------- --------------- --------------- ---------------
    0   3.9255 THz   0.7015  0.0000 -0.0000 -0.0000  0.7015 -0.0000 -0.0891  0.0000  0.0000  0.0000 -0.0891  0.0000
    1   5.0427 THz   0.0000  0.0000  0.9082  0.3941  0.0000 -0.0000 -0.0000 -0.0000 -0.1294 -0.0562 -0.0000  0.0000
    2   7.1290 THz   0.6845  0.0000 -0.0000  0.0000 -0.6845  0.0000 -0.1772 -0.0000  0.0000  0.0000  0.1772 -0.0000
    3   7.4716 THz  -0.0891  0.0000 -0.0000 -0.0000 -0.0891 -0.0000 -0.7015 -0.0000  0.0000 -0.0000 -0.7015 -0.0000
    4   9.8125 THz   0.0000  0.0000 -0.1149 -0.0818 -0.0000 -0.0000  0.0000 -0.0000 -0.8064 -0.5742 -0.0000 -0.0000
    5  13.3169 THz  -0.1772  0.0000 -0.0000 -0.0000  0.1772  0.0000 -0.6845  0.0000 -0.0000 -0.0000  0.6845 -0.0000


 Q= -0.055482 -0.166447  0.055482, q=  0.250000  0.250000 -0.250000

                       Mn X   0        Mn Y   0        Mn Z   0         O X   1         O Y   1         O Z   1     
                    --------------- --------------- --------------- --------------- --------------- ---------------
    0   4.3321 THz  -0.6977  0.0000  0.0000 -0.0000 -0.6977 -0.0000 -0.1151  0.0000  0.0000 -0.0000 -0.1151  0.0000
    1   5.0640 THz   0.5202  0.0000 -0.6749 -0.0000 -0.5202 -0.0000  0.0394 -0.0000 -0.0071  0.0000 -0.0394 -0.0000
    2   7.2235 THz   0.4722  0.0000  0.7299 -0.0000 -0.4722  0.0000  0.0286  0.0000  0.1400 -0.0000 -0.0286  0.0000
    3   8.5057 THz   0.1151  0.0000 -0.0000 -0.0000  0.1151  0.0000 -0.6977 -0.0000 -0.0000  0.0000 -0.6977 -0.0000
    4   9.6278 THz   0.0046  0.0000  0.0764 -0.0000 -0.0046 -0.0000  0.5354 -0.0000 -0.6486  0.0000 -0.5354  0.0000
    5  12.7477 THz  -0.0795  0.0000 -0.0766 -0.0000  0.0795  0.0000  0.4593 -0.0000  0.7481  0.0000 -0.4593  0.0000


 Q=  0.000000 -0.110964  0.000000, q=  0.250000  0.250000  0.000000

                       Mn X   0        Mn Y   0        Mn Z   0         O X   1         O Y   1         O Z   1     
                    --------------- --------------- --------------- --------------- --------------- ---------------
    0   3.5944 THz   0.9517  0.0000 -0.0000 -0.0000 -0.0010 -0.0004  0.3072 -0.0000 -0.0000 -0.0000 -0.0003 -0.0001
    1   3.5944 THz  -0.0011  0.0000  0.0000  0.0000 -0.8621 -0.4031 -0.0003 -0.0000  0.0000  0.0000 -0.2783 -0.1301
    2   5.5725 THz  -0.0000  0.0000 -0.6120 -0.7093 -0.0000 -0.0000  0.0000  0.0000 -0.2285 -0.2648 -0.0000 -0.0000
    3   8.4691 THz  -0.3072  0.0000  0.0000  0.0000 -0.0000  0.0000  0.9517 -0.0000  0.0000  0.0000  0.0000 -0.0000
    4   8.4691 THz   0.0000 -0.0000 -0.0000 -0.0000 -0.3070  0.0099 -0.0000  0.0000 -0.0000 -0.0000  0.9512 -0.0308
    5  13.5907 THz  -0.0000  0.0000  0.2332 -0.2607  0.0000 -0.0000  0.0000  0.0000 -0.6246  0.6982 -0.0000 -0.0000


 Q=  0.055482 -0.055482 -0.055482, q=  0.250000  0.250000  0.250000

                       Mn X   0        Mn Y   0        Mn Z   0         O X   1         O Y   1         O Z   1     
                    --------------- --------------- --------------- --------------- --------------- ---------------
    0   2.8834 THz   0.6934  0.0000  0.0730 -0.0104  0.6203  0.0104  0.2667 -0.0000  0.0281 -0.0040  0.2386  0.0040
    1   2.8834 THz   0.3162  0.0000  0.7581  0.0228 -0.4419 -0.0228  0.1216 -0.0000  0.2916  0.0088 -0.1700 -0.0088
    2   5.9839 THz  -0.5276  0.0000  0.5276 -0.0000  0.5276 -0.0000 -0.2345  0.0000  0.2345 -0.0000  0.2345 -0.0000
    3   7.4166 THz  -0.1912 -0.0000  0.0943 -0.0309 -0.2855  0.0309  0.4970 -0.0000 -0.2453  0.0804  0.7423 -0.0804
    4   7.4166 THz   0.2222  0.0000  0.2745 -0.0266 -0.0523  0.0266 -0.5777  0.0000 -0.7137  0.0692  0.1360 -0.0692
    5  14.8796 THz  -0.2345  0.0000  0.2345  0.0000  0.2345 -0.0000  0.5276 -0.0000 -0.5276  0.0000 -0.5276  0.0000
