time=Sun May 19 10:58:26 2013 host=PC WINDOWS USER
 Yphon -Born dielecfij.fcc -pdis dfile.fcc -expt exp05.dat -plot -thr2 0.01 -bvec
time=Sun May 19 10:59:13 2013 host=PC WINDOWS USER
 Yphon -Born dielecfij.fcc -pdis dfile.fcc -expt exp05.dat -plot -thr2 0.01 -bvec
time=Sun May 19 11:01:22 2013 host=PC WINDOWS USER
 Yphon -Born dielecfij.fcc -pdis dfile.fcc -expt exp05.dat -plot -thr2 0.01 -bvec
time=Sun May 19 11:02:05 2013 host=PC WINDOWS USER
 Yphon -Born dielecfij.fcc -pdis dfile.fcc -expt exp05.dat -plot -thr2 0.01 -bvec
time=Sun May 19 11:02:30 2013 host=PC WINDOWS USER
 Yphon -Born dielecfij.fcc -pdis dfile.fcc -expt exp05.dat -plot -thr2 0.01 -bvec
time=Sun May 19 11:03:08 2013 host=PC WINDOWS USER
 Yphon -Born dielecfij.fcc -pdis dfile.fcc -expt exp05.dat -plot -thr2 0.01 -bvec -Rfile Rotation.sym
time=Sun May 19 11:03:14 2013 host=PC WINDOWS USER
 Yphon -Born dielecfij.fcc -pdis dfile.fcc -expt exp05.dat -plot -thr2 0.01 -bvec -Rfile Rotation.sym
time=Sun May 19 11:05:08 2013 host=PC WINDOWS USER
 Yphon -Born dielecfij.out -pdis dfile.fcc -expt exp05.dat -plot -thr2 0.01 -bvec -Rfile Rotation.sym
time=Sun May 19 11:05:14 2013 host=PC WINDOWS USER
 Yphon -Born dielecfij.out -pdis dfile.fcc -expt exp05.dat -plot -thr2 0.01 -bvec -Rfile Rotation.sym
time=Sun May 19 11:05:39 2013 host=PC WINDOWS USER
 Yphon -Born dielecfij.out -pdis dfile.fcc -expt exp05.dat -plot -thr2 0.02 -bvec -Rfile Rotation.sym
time=Sun May 19 11:05:45 2013 host=PC WINDOWS USER
 Yphon -Born dielecfij.out -pdis dfile.fcc -expt exp05.dat -plot -thr2 0.02 -bvec -Rfile Rotation.sym
time=Sun May 19 11:05:57 2013 host=PC WINDOWS USER
 Yphon -Born dielecfij.out -pdis dfile.fcc -expt exp05.dat -plot -thr2 0.05 -bvec -Rfile Rotation.sym
time=Sun May 19 11:07:18 2013 host=PC WINDOWS USER
 Yphon -Born dielecfij.out -pdis dfile.fcc -expt exp05.dat -plot -thr2 0.10 -bvec -Rfile Rotation.sym
time=Sun May 19 11:13:21 2013 host=PC WINDOWS USER
 Yphon -Born dielecfij.out -pdis dfile.scc -expt exp05.dat -plot -thr2 0.01 -bvec
time=Sun May 19 11:18:23 2013 host=PC WINDOWS USER
 Yphon -Born dielecfij.out -pdis dfile.scc -expt exp05.dat -plot -thr2 0.01 -bvec
time=Sun May 19 11:19:37 2013 host=PC WINDOWS USER
 Yphon -Born dielecfij.out -pdis dfile.rho -expt exp05.dat -plot -thr2 0.01 -bvec
time=Sun May 19 11:23:32 2013 host=PC WINDOWS USER
 Yphon -Born dielecfij.out -pdis dfile.rho -expt exp05.dat -plot -thr2 0.01 -bvec
time=Sun May 19 11:25:38 2013 host=PC WINDOWS USER
 Yphon -Born dielecfij.out -pdis dfile.rho -expt exp05.dat -plot -thr2 0.01 -bvec
time=Sun May 19 11:27:50 2013 host=PC WINDOWS USER
 Yphon -Born dielecfij.out -pdis dfile.rho -expt exp05.dat -plot -thr2 0.01 -bvec
time=Sun May 19 11:31:34 2013 host=PC WINDOWS USER
 Yphon -Born dielecfij.out -pdis dfile.rho -expt exp05.dat -plot -thr2 0.01 -bvec
time=Sun May 19 11:32:21 2013 host=PC WINDOWS USER
 Yphon -Born dielecfij.out -pdis dfile.rho -expt exp05.dat -plot -thr2 0.01 -bvec
time=Sun May 19 11:34:51 2013 host=PC WINDOWS USER
 Yphon -Born dielecfij.out -pdis dfile.scc -expt exp05.dat -plot -thr2 0.01 -bvec
time=Sun May 19 11:38:13 2013 host=PC WINDOWS USER
 Yphon -Born dielecfij.out -pdis dfile.scc -expt exp05.dat -plot -thr2 0.01 -bvec
time=Sun May 19 11:38:29 2013 host=PC WINDOWS USER
 Yphon -Born dielecfij.out -pdis dfile.scc -expt exp05.dat -plot -thr2 0.01 -bvec
time=Sun May 19 11:40:14 2013 host=PC WINDOWS USER
 Yphon -Born dielecfij.out -pdis dfile.scc -expt exp05.dat -plot -thr2 0.01 -bvec
time=Sun May 19 11:41:17 2013 host=PC WINDOWS USER
 Yphon -Born dielecfij.out -pdis dfile.scc -expt exp05.dat -plot -thr2 0.01 -bvec
time=Sun May 19 11:42:46 2013 host=PC WINDOWS USER
 Yphon -Born dielecfij.out -pdis dfile.rho -expt exp05.dat -plot -thr2 0.01 -bvec
time=Sun May 19 11:49:14 2013 host=PC WINDOWS USER
 Yphon -Born dielecfij.out -pdis dfile.scc -expt exp05.dat -plot -thr2 0.01 -bvec
time=Sun May 19 11:50:18 2013 host=PC WINDOWS USER
 Yphon -Born dielecfij.out -pdis dfile.scc -expt exp05.dat -plot -thr2 0.01 -bvec
time=Sun May 19 11:52:50 2013 host=PC WINDOWS USER
 Yphon -Born dielecfij.out -pdis dfile.scc -expt exp05.dat -plot -thr2 0.01 -bvec
time=Sun May 19 11:55:02 2013 host=PC WINDOWS USER
 Yphon -Born dielecfij.out -pdis dfile.scc -expt exp05.dat -plot -thr2 0.01 -bvec
time=Sun May 19 11:57:11 2013 host=PC WINDOWS USER
 Yphon -Born dielecfij.out -pdis dfile.scc -expt exp05.dat -plot -thr2 0.01 -bvec
time=Sun May 19 11:58:42 2013 host=PC WINDOWS USER
 Yphon -Born dielecfij.out -pdis dfile.scc -expt exp05.dat -plot -thr2 0.01 -bvec
time=Sun May 19 11:59:09 2013 host=PC WINDOWS USER
 Yphon -Born dielecfij.out -pdis dfile.scc -expt exp05.dat -plot -thr2 0.01 -bvec
time=Sun May 19 12:03:52 2013 host=PC WINDOWS USER
 Yphon -Born dielecfij.out -pdis dfile.scc -expt exp05.dat -plot -thr2 0.01 -bvec
time=Sun May 19 12:04:07 2013 host=PC WINDOWS USER
 Yphon -Born dielecfij.out -pdis dfile.scc -expt exp05.dat -plot -thr2 0.01 -bvec
time=Sun May 19 12:06:27 2013 host=PC WINDOWS USER
 Yphon -Born dielecfij.out -pdis dfile.scc -expt exp05.dat -plot -thr2 0.01 -bvec
time=Sun May 19 12:06:54 2013 host=PC WINDOWS USER
 Yphon -Born dielecfij.out -pdis dfile.scc -expt exp05.dat -plot -thr2 0.01 -bvec
time=Sun May 19 12:08:11 2013 host=PC WINDOWS USER
 Yphon -Born dielecfij.out -pdis dfile.scc -expt exp05.dat -plot -thr2 0.01 -bvec
time=Sun May 19 12:08:54 2013 host=PC WINDOWS USER
 Yphon -Born dielecfij.out -pdis dfile.scc -expt exp05.dat -plot -thr2 0.01 -bvec
time=Sun May 19 12:10:11 2013 host=PC WINDOWS USER
 Yphon -Born dielecfij.out -pdis dfile.scc -expt exp05.dat -plot -thr2 0.01 -bvec
time=Sun May 19 12:10:51 2013 host=PC WINDOWS USER
 Yphon -Born dielecfij.out -pdis dfile.scc -expt exp05.dat -plot -thr2 0.01 -bvec
time=Sun May 19 12:11:41 2013 host=PC WINDOWS USER
 Yphon -Born dielecfij.out -pdis dfile.scc -expt exp05.dat -plot -thr2 0.01 -bvec
time=Sun May 19 12:13:00 2013 host=PC WINDOWS USER
 Yphon -Born dielecfij.out -pdis dfile.scc -expt exp05.dat -plot -thr2 0.01 -bvec
time=Sun May 19 12:14:24 2013 host=PC WINDOWS USER
 Yphon -Born dielecfij.out -pdis dfile.scc -expt exp05.dat -plot -thr2 0.01 -bvec
time=Sun May 19 12:18:19 2013 host=PC WINDOWS USER
 Yphon -Born dielecfij.out -pdis dfile.scc -expt exp05.dat -plot -thr2 0.01 -bvec
time=Sun May 19 12:19:27 2013 host=PC WINDOWS USER
 Yphon -Born dielecfij.out -pdis dfile.scc -expt exp05.dat -plot -thr2 0.01 -bvec
time=Sun May 19 12:20:26 2013 host=PC WINDOWS USER
 Yphon -Born dielecfij.out -pdis dfile.scc -expt exp05.dat -plot -thr2 0.01 -bvec
time=Sun May 19 12:20:42 2013 host=PC WINDOWS USER
 Yphon -Born dielecfij.out -pdis dfile.scc -expt exp05.dat -plot -thr2 0.01 -bvec
time=Sun May 19 12:22:04 2013 host=PC WINDOWS USER
 Yphon -Born dielecfij.out -pdis dfile.scc -expt exp05.dat -plot -thr2 0.01 -bvec
time=Sun May 19 12:23:15 2013 host=PC WINDOWS USER
 Yphon -Born dielecfij.out -pdis dfile.scc -expt exp05.dat -plot -thr2 0.01 -bvec
time=Sun May 19 12:27:04 2013 host=PC WINDOWS USER
 Yphon -Born dielecfij.out -pdis dfile.rho -expt exp05.dat -plot -thr2 0.01 -bvec
time=Sun May 19 12:28:05 2013 host=PC WINDOWS USER
 Yphon -Born dielecfij.out -pdis dfile.rho -expt exp05.dat -plot -thr2 0.01 -bvec
time=Sun May 19 12:30:03 2013 host=PC WINDOWS USER
 Yphon -Born dielecfij.out -pdis dfile.rho -expt exp05.dat -plot -thr2 0.01 -bvec
time=Sun May 19 12:40:52 2013 host=PC WINDOWS USER
 Yphon -Born dielecfij.out -pdis dfile.scc -expt exp05.dat -plot -thr2 0.01 -bvec
time=Sun May 19 12:41:42 2013 host=PC WINDOWS USER
 Yphon -Born dielecfij.out -pdis dfile.scc -expt exp05.dat -plot -thr2 0.01 -bvec
time=Sun May 19 12:42:05 2013 host=PC WINDOWS USER
 Yphon -Born dielecfij.out -pdis dfile.scc -expt exp05.dat -plot -thr2 0.01 -bvec
time=Sun May 19 12:42:34 2013 host=PC WINDOWS USER
 Yphon -Born dielecfij.out -pdis dfile.scc -expt exp05.dat -plot -thr2 0.01 -bvec
time=Sun May 19 12:43:08 2013 host=PC WINDOWS USER
 Yphon -Born dielecfij.out -pdis dfile.scc -expt exp05.dat -plot -thr2 0.01 -bvec
time=Sun May 19 12:45:10 2013 host=PC WINDOWS USER
 Yphon -Born dielecfij.out -pdis dfile.scc -expt exp05.dat -plot -thr2 0.01 -bvec
time=Sun May 19 12:45:57 2013 host=PC WINDOWS USER
 Yphon -Born dielecfij.out -pdis dfile.scc -expt exp05.dat -plot -thr2 0.01 -bvec
time=Sun May 19 12:47:19 2013 host=PC WINDOWS USER
 Yphon -Born dielecfij.out -pdis dfile.scc -expt exp05.dat -plot -thr2 0.01 -bvec
time=Sun May 19 12:47:41 2013 host=PC WINDOWS USER
 Yphon -Born dielecfij.out -pdis dfile.scc -expt exp05.dat -plot -thr2 0.01 -bvec
time=Sun May 19 12:48:23 2013 host=PC WINDOWS USER
 Yphon -Born dielecfij.out -pdis dfile.scc -expt exp05.dat -plot -thr2 0.01 -bvec
time=Sun May 19 12:48:40 2013 host=PC WINDOWS USER
 Yphon -Born dielecfij.out -pdis dfile.scc -expt exp05.dat -plot -thr2 0.01 -bvec
time=Sun May 19 12:51:00 2013 host=PC WINDOWS USER
 Yphon -Born dielecfij.out -pdis dfile.scc -expt exp05.dat -plot -thr2 0.01 -bvec
time=Sun May 19 12:51:59 2013 host=PC WINDOWS USER
 Yphon -Born dielecfij.out -pdis dfile.scc -expt exp05.dat -plot -thr2 0.01 -bvec
time=Sun May 19 12:52:17 2013 host=PC WINDOWS USER
 Yphon -Born dielecfij.out -pdis dfile.scc -expt exp05.dat -plot -thr2 0.01 -bvec
time=Sun May 19 12:52:56 2013 host=PC WINDOWS USER
 Yphon -Born dielecfij.out -pdis dfile.scc -expt exp05.dat -plot -thr2 0.01 -bvec
time=Sun May 19 12:53:32 2013 host=PC WINDOWS USER
 Yphon -Born dielecfij.out -pdis dfile.scc -expt exp05.dat -plot -thr2 0.01 -bvec
time=Sun May 19 12:53:49 2013 host=PC WINDOWS USER
 Yphon -Born dielecfij.out -pdis dfile.scc -expt exp05.dat -plot -thr2 0.01 -bvec
time=Sun May 19 12:54:22 2013 host=PC WINDOWS USER
 Yphon -Born dielecfij.out -pdis dfile.scc -expt exp05.dat -plot -thr2 0.01 -bvec
time=Sun May 19 12:56:22 2013 host=PC WINDOWS USER
 Yphon -Born dielecfij.out -pdis dfile.scc -expt exp05.dat -plot -thr2 0.01 -bvec
time=Sun May 19 13:05:12 2013 host=PC WINDOWS USER
 Yphon -Born dielecfij.out -pdis dfile.scc -expt exp05.dat -plot -thr2 0.01 -bvec
time=Sun May 19 13:05:17 2013 host=PC WINDOWS USER
 Yphon -Born dielecfij.out -pdis dfile.scc -expt exp05.dat -plot -thr2 0.01 -bvec
time=Sun May 19 13:05:30 2013 host=PC WINDOWS USER
 Yphon -Born dielecfij.fcc -pdis dfile.fcc -expt exp05.dat -plot -thr2 0.01 -bvec -Rfile Rotation.sym
time=Sun May 19 13:05:51 2013 host=PC WINDOWS USER
 Yphon -Born dielecfij.fcc -pdis dfile.fcc -expt exp05.dat -plot -thr2 0.01 -bvec
time=Sun May 19 13:06:39 2013 host=PC WINDOWS USER
 Yphon -Born dielecfij.out -pdis dfile.scc -expt exp05.dat -plot -thr2 0.01 -bvec
time=Sun May 19 13:36:34 2013 host=PC WINDOWS USER
 Yphon -Born dielecfij.out -pdis dfile.scc -expt exp05.dat -plot -thr2 0.01 -bvec
time=Sun May 19 13:36:47 2013 host=PC WINDOWS USER
 Yphon -Born dielecfij.fcc -pdis dfile.fcc -expt exp05.dat -plot -thr2 0.01 -bvec
time=Sun May 19 13:37:05 2013 host=PC WINDOWS USER
 Yphon -Born dielecfij.fcc -pdis dfile.fcc -expt exp05.dat -plot -thr2 0.01 -bvec -Rfile Rotation.sym
time=Tue May 21 06:31:04 2013 host=PC WINDOWS USER
 Yphon -Born dielecfij.fcc -pdis dfile.fcc -expt exp05.dat -plot -thr2 0.01 -bvec
time=Tue May 21 06:31:35 2013 host=PC WINDOWS USER
 Yphon -Born dielecfij.out -pdis dfile.scc -expt exp05.dat -plot -thr2 0.01 -bvec
time=Tue May 21 06:32:05 2013 host=PC WINDOWS USER
 Yphon -Born dielecfij.fcc -pdis dfile.fcc -expt exp05.dat -plot -thr2 0.01 -bvec
time=Tue May 21 06:33:36 2013 host=PC WINDOWS USER
 Yphon -Born dielecfij.out -pdis dfile.scc -expt exp05.dat -plot -thr2 0.01 -bvec
time=Tue May 21 06:34:33 2013 host=PC WINDOWS USER
 Yphon -Born dielecfij.fcc -pdis dfile.fcc -expt exp05.dat -plot -thr2 0.01 -bvec
time=Tue May 21 06:35:20 2013 host=PC WINDOWS USER
 Yphon -Born dielecfij.fcc -pdis dfile.fcc -expt exp05.dat -plot -thr2 0.01 -bvec -Rfile Rotation.sym
time=Tue May 21 06:35:31 2013 host=PC WINDOWS USER
 Yphon -Born dielecfij.fcc -pdis dfile.fcc -expt exp05.dat -plot -thr2 0.01 -bvec -Rfile Rotation.sym
time=Tue May 21 06:35:52 2013 host=PC WINDOWS USER
 Yphon -Born dielecfij.fcc -pdis dfile.fcc -expt exp05.dat -plot -thr2 0.01 -bvec -Rfile Rotation.sym
time=Tue Jun 18 07:12:59 2013 host=PC WINDOWS USER
 Yphon -Born dielecfij.out -pdis dfile.scc -expt exp05.dat -plot -thr2 0.01 -bvec
time=Sat Oct 17 07:18:06 2015 host=PC WINDOWS USER
 Yphon -Born dielecfij.out -pdis dfile.scc -expt exp05.dat -plot -thr2 0.01 -bvec
time=Sat Oct 17 07:18:46 2015 host=PC WINDOWS USER
 Yphon -Born dielecfij.out -pdis dfile.scc -expt exp05.dat -plot -thr2 0.01 -bvec
time=Sat Oct 17 07:22:53 2015 host=PC WINDOWS USER
 Yphon -Born dielecfij.fcc -pdis dfile.fcc -expt exp05.dat -plot -thr2 0.01 -bvec -Rfile Rotation.sym
time=Sat Oct 17 07:25:56 2015 host=PC WINDOWS USER
 Yphon -Born dielecfij.fcc -pdis dfile.fcc -expt exp05.dat -plot -thr2 0.01 -bvec
time=Fri Jun 10 07:25:26 2016 host=PC WINDOWS USER
 Yphon -Born dielecfij.fcc -pdis dfile.fcc -expt exp05.dat -plot -thr2 0.01 -bvec
time=Fri Jun 10 07:25:46 2016 host=PC WINDOWS USER
 Yphon -Born dielecfij.fcc -pdis dfile.fcc -expt exp05.dat -plot -thr2 0.01 -bvec
time=Fri Jun 10 07:25:56 2016 host=PC WINDOWS USER
 Yphon -Born dielecfij.out -pdis dfile.scc -expt exp05.dat -plot -thr2 0.01 -bvec
time=Fri Jun 10 07:26:07 2016 host=PC WINDOWS USER
 Yphon -Born dielecfij.fcc -pdis dfile.fcc -expt exp05.dat -plot -thr2 0.01 -bvec -Rfile Rotation.sym
