   0.000000    4.015023    4.015023
   4.015023    0.000000    4.015023
   4.015023    4.015023    0.000000
  0.1250000000000000  0.1250000000000000  0.1250000000000000	Mg
  0.8750000000000000  0.8750000000000000  0.8750000000000000	Mg
  0.5000000000000000  0.5000000000000000  0.5000000000000000	Al
  0.0000000000000000  0.5000000000000000  0.5000000000000000	Al
  0.5000000000000000  0.0000000000000000  0.5000000000000000	Al
  0.5000000000000000  0.5000000000000000  0.0000000000000000	Al
  0.2633608664289966  0.2633608664289966  0.2633608664289966	O
  0.7099174007139979  0.2633608664289966  0.2633608664289966	O
  0.2633608664289966  0.7099174007139979  0.2633608664289966	O
  0.2633608664289966  0.2633608664289966  0.7099174007139979	O
  0.7366391335710034  0.7366391335710034  0.7366391335710034	O
  0.2900825992860021  0.7366391335710034  0.7366391335710034	O
  0.7366391335710034  0.2900825992860021  0.7366391335710034	O
  0.7366391335710034  0.7366391335710034  0.2900825992860021	O
           3.045     0.000     0.000
           0.000     3.045     0.000
           0.000     0.000     3.045
 ion    1
    1     2.01864     0.00000     0.00000
    2     0.00000     2.01893     0.00000
    3     0.00000     0.00000     2.01856
 ion    2
    1     2.01864     0.00000     0.00000
    2     0.00000     2.01893     0.00000
    3     0.00000     0.00000     2.01856
 ion    3
    1     2.75177     0.27968     0.27968
    2     0.27993     2.75162     0.27993
    3     0.27953     0.27953     2.75158
 ion    4
    1     2.75177    -0.27968    -0.27968
    2    -0.27993     2.75162     0.27993
    3    -0.27953     0.27953     2.75158
 ion    5
    1     2.75177    -0.27968     0.27968
    2    -0.27993     2.75162    -0.27993
    3     0.27953    -0.27953     2.75158
 ion    6
    1     2.75177     0.27968    -0.27968
    2     0.27993     2.75162    -0.27993
    3    -0.27953    -0.27953     2.75158
 ion    7
    1    -1.88134     0.01150     0.01150
    2     0.01177    -1.88120     0.01177
    3     0.01059     0.01059    -1.87987
 ion    8
    1    -1.88134    -0.01150    -0.01150
    2    -0.01064    -1.88070     0.01064
    3    -0.01068     0.01068    -1.88175
 ion    9
    1    -1.88056    -0.01024     0.01024
    2    -0.01177    -1.88120    -0.01177
    3     0.01068    -0.01068    -1.88175
 ion   10
    1    -1.88056     0.01024    -0.01024
    2     0.01064    -1.88070    -0.01064
    3    -0.01059    -0.01059    -1.87987
 ion   11
    1    -1.88056     0.01024     0.01024
    2     0.01064    -1.88070     0.01064
    3     0.01068     0.01068    -1.88175
 ion   12
    1    -1.88056    -0.01024    -0.01024
    2    -0.01177    -1.88120     0.01177
    3    -0.01059     0.01059    -1.87987
 ion   13
    1    -1.88134    -0.01150     0.01150
    2    -0.01064    -1.88070    -0.01064
    3     0.01059    -0.01059    -1.87987
 ion   14
    1    -1.88134     0.01150    -0.01150
    2     0.01177    -1.88120    -0.01177
    3    -0.01068    -0.01068    -1.88175
