
Used Primitive lattice vector

    0.000000000000      2.106000000000      2.106000000000  
    2.106000000000      0.000000000000      2.106000000000  
    2.106000000000      2.106000000000      0.000000000000  

   2 Atom(s) in the Primitive cell

 0.0000000000 0.0000000000 0.0000000000 Mg    0
 0.5000000000 0.5000000000 0.5000000000  O    1


 Q= -0.118708 -0.118708 -0.118708, q= -0.500000 -0.500000 -0.500000

                       Mg X   0        Mg Y   0        Mg Z   0         O X   1         O Y   1         O Z   1     
                    --------------- --------------- --------------- --------------- --------------- ---------------
    0   7.8928 THz   0.8165  0.0000 -0.4082  0.0000 -0.4082  0.0000  0.0000  0.0000  0.0000  0.0000  0.0000  0.0000
    1   7.8928 THz   0.0000  0.0000  0.7071  0.0000 -0.7071 -0.0000  0.0000 -0.0000  0.0000  0.0000 -0.0000  0.0000
    2  10.2357 THz   0.0000  0.0000 -0.0000 -0.0000  0.0000  0.0000  0.7517  0.3187 -0.3759 -0.1593 -0.3759 -0.1593
    3  10.2357 THz   0.0000  0.0000 -0.0000  0.0000  0.0000 -0.0000  0.0000 -0.0000  0.6890 -0.1592 -0.6890  0.1592
    4  16.0350 THz  -0.5774  0.0000 -0.5774  0.0000 -0.5774  0.0000  0.0000  0.0000  0.0000  0.0000  0.0000  0.0000
    5  16.4080 THz   0.0000  0.0000  0.0000 -0.0000  0.0000  0.0000  0.5703  0.0901  0.5703  0.0901  0.5703  0.0901


 Q=  0.000000  0.000000 -0.237417, q= -0.500000 -0.500000  0.000000

                       Mg X   0        Mg Y   0        Mg Z   0         O X   1         O Y   1         O Z   1     
                    --------------- --------------- --------------- --------------- --------------- ---------------
    0   8.5613 THz  -0.4928  0.0000 -0.7844  0.0000  0.0000  0.0000 -0.2004  0.0000 -0.3190  0.0000  0.0000  0.0000
    1   8.5613 THz   0.7844  0.0000 -0.4928  0.0000  0.0000  0.0000  0.3190  0.0000 -0.2004  0.0000  0.0000  0.0000
    2  12.1952 THz   0.0000  0.0000  0.0000  0.0000  0.9871  0.0000  0.0000  0.0000  0.0000  0.0000  0.1603  0.0000
    3  12.6185 THz   0.3175  0.0000 -0.2028  0.0000  0.0000  0.0000 -0.7806  0.0000  0.4987  0.0000  0.0000  0.0000
    4  12.6185 THz   0.2028  0.0000  0.3175  0.0000  0.0000  0.0000 -0.4987  0.0000 -0.7806  0.0000  0.0000  0.0000
    5  15.9137 THz   0.0000  0.0000  0.0000  0.0000  0.1603  0.0000  0.0000  0.0000  0.0000  0.0000 -0.9871  0.0000


 Q=  0.000000 -0.237417  0.000000, q= -0.500000  0.000000 -0.500000

                       Mg X   0        Mg Y   0        Mg Z   0         O X   1         O Y   1         O Z   1     
                    --------------- --------------- --------------- --------------- --------------- ---------------
    0   8.5613 THz   0.9188  0.0000  0.0000  0.0000  0.1173  0.0000  0.3737  0.0000  0.0000  0.0000  0.0477  0.0000
    1   8.5613 THz  -0.1173  0.0000  0.0000  0.0000  0.9188  0.0000 -0.0477  0.0000 -0.0000  0.0000  0.3737  0.0000
    2  12.1952 THz  -0.0000  0.0000  0.9871  0.0000  0.0000  0.0000  0.0000  0.0000  0.1603  0.0000 -0.0000  0.0000
    3  12.6185 THz   0.3768  0.0000  0.0000  0.0000  0.0000  0.0000 -0.9263  0.0000  0.0000  0.0000 -0.0000  0.0000
    4  12.6185 THz  -0.0000  0.0000 -0.0000  0.0000  0.3768  0.0000  0.0000  0.0000 -0.0000  0.0000 -0.9263  0.0000
    5  15.9137 THz  -0.0000  0.0000  0.1603  0.0000 -0.0000  0.0000 -0.0000  0.0000 -0.9871  0.0000  0.0000  0.0000


 Q=  0.118708 -0.118708 -0.118708, q= -0.500000  0.000000  0.000000

                       Mg X   0        Mg Y   0        Mg Z   0         O X   1         O Y   1         O Z   1     
                    --------------- --------------- --------------- --------------- --------------- ---------------
    0   7.8928 THz   0.8165  0.0000  0.4082  0.0000  0.4082  0.0000  0.0000 -0.0000 -0.0000  0.0000 -0.0000  0.0000
    1   7.8928 THz   0.0000  0.0000  0.7071  0.0000 -0.7071 -0.0000 -0.0000  0.0000 -0.0000  0.0000 -0.0000  0.0000
    2  10.2357 THz   0.0000  0.0000 -0.0000  0.0000  0.0000 -0.0000 -0.4219  0.0869 -0.1637  0.6423 -0.2583 -0.5553
    3  10.2357 THz   0.0000  0.0000 -0.0000 -0.0000  0.0000  0.0000 -0.6882  0.0861 -0.3441 -0.3301 -0.3441  0.4161
    4  16.0350 THz   0.5774  0.0000 -0.5774  0.0000 -0.5774  0.0000 -0.0000  0.0000  0.0000 -0.0000  0.0000 -0.0000
    5  16.4080 THz   0.0000  0.0000  0.0000 -0.0000 -0.0000 -0.0000  0.5747 -0.0550 -0.5747  0.0550 -0.5747  0.0550


 Q= -0.237417  0.000000  0.000000, q=  0.000000 -0.500000 -0.500000

                       Mg X   0        Mg Y   0        Mg Z   0         O X   1         O Y   1         O Z   1     
                    --------------- --------------- --------------- --------------- --------------- ---------------
    0   8.5613 THz   0.0000  0.0000  0.8088 -0.0000 -0.4516  0.0000  0.0000  0.0000  0.3290 -0.0000 -0.1837  0.0000
    1   8.5613 THz   0.0000  0.0000  0.4516 -0.0000  0.8088  0.0000  0.0000  0.0000  0.1837 -0.0000  0.3290  0.0000
    2  12.1952 THz   0.9871  0.0000  0.0000  0.0000  0.0000  0.0000  0.1603  0.0000  0.0000  0.0000  0.0000  0.0000
    3  12.6185 THz   0.0000  0.0000  0.1558 -0.0000  0.3430  0.0000  0.0000  0.0000 -0.3831  0.0000 -0.8434  0.0000
    4  12.6185 THz   0.0000  0.0000 -0.3430  0.0000  0.1558  0.0000  0.0000  0.0000  0.8434 -0.0000 -0.3831  0.0000
    5  15.9137 THz   0.1603  0.0000  0.0000  0.0000  0.0000  0.0000 -0.9871 -0.0000  0.0000  0.0000  0.0000  0.0000


 Q= -0.118708  0.118708 -0.118708, q=  0.000000 -0.500000  0.000000

                       Mg X   0        Mg Y   0        Mg Z   0         O X   1         O Y   1         O Z   1     
                    --------------- --------------- --------------- --------------- --------------- ---------------
    0   7.8928 THz   0.8165  0.0000  0.4082  0.0000 -0.4082  0.0000  0.0000  0.0000 -0.0000  0.0000  0.0000  0.0000
    1   7.8928 THz   0.0000  0.0000 -0.7071 -0.0000 -0.7071 -0.0000  0.0000 -0.0000  0.0000 -0.0000 -0.0000  0.0000
    2  10.2357 THz   0.0000  0.0000 -0.0000 -0.0000 -0.0000 -0.0000 -0.7517 -0.3187 -0.3759 -0.1593  0.3759  0.1593
    3  10.2357 THz   0.0000  0.0000  0.0000  0.0000  0.0000  0.0000  0.0000  0.0000 -0.5167 -0.4827 -0.5167 -0.4827
    4  16.0350 THz   0.5774  0.0000 -0.5774  0.0000  0.5774  0.0000 -0.0000 -0.0000  0.0000  0.0000 -0.0000  0.0000
    5  16.4080 THz   0.0000  0.0000 -0.0000  0.0000  0.0000  0.0000  0.5703  0.0901 -0.5703 -0.0901  0.5703  0.0901


 Q= -0.118708 -0.118708  0.118708, q=  0.000000  0.000000 -0.500000

                       Mg X   0        Mg Y   0        Mg Z   0         O X   1         O Y   1         O Z   1     
                    --------------- --------------- --------------- --------------- --------------- ---------------
    0   7.8928 THz   0.0000  0.0000 -0.7071  0.0000 -0.7071  0.0000  0.0000 -0.0000 -0.0000  0.0000 -0.0000  0.0000
    1   7.8928 THz   0.8165  0.0000 -0.4082  0.0000  0.4082  0.0000  0.0000  0.0000  0.0000  0.0000 -0.0000  0.0000
    2  10.2357 THz   0.0000  0.0000 -0.0000  0.0000 -0.0000  0.0000 -0.6033 -0.0153  0.0831 -0.4155 -0.5202 -0.4308
    3  10.2357 THz   0.0000  0.0000  0.0000  0.0000  0.0000  0.0000  0.4821  0.2646 -0.2410 -0.6550  0.2410 -0.3903
    4  16.0350 THz  -0.5774  0.0000 -0.5774  0.0000  0.5774  0.0000  0.0000  0.0000  0.0000  0.0000 -0.0000  0.0000
    5  16.4080 THz   0.0000  0.0000  0.0000  0.0000  0.0000  0.0000  0.5756  0.0445  0.5756  0.0445 -0.5756 -0.0445


 Q=  0.000000  0.000000  0.000000, q=  0.000000  0.000000  0.000000

                       Mg X   0        Mg Y   0        Mg Z   0         O X   1         O Y   1         O Z   1     
                    --------------- --------------- --------------- --------------- --------------- ---------------
    0  -0.0000 THz  -0.3440  0.0000 -0.5748  0.0000 -0.3929  0.0000 -0.2791  0.0000 -0.4663  0.0000 -0.3188  0.0000
    1  -0.0000 THz  -0.6479  0.0000  0.1039  0.0000  0.4153  0.0000 -0.5257  0.0000  0.0843  0.0000  0.3370  0.0000
    2   0.0000 THz  -0.2548  0.0000  0.5118  0.0000 -0.5255  0.0000 -0.2068  0.0000  0.4152  0.0000 -0.4264  0.0000
    3  11.2212 THz  -0.0000  0.0000  0.4455  0.0000 -0.4455  0.0000  0.0000  0.0000 -0.5491  0.0000  0.5491  0.0000
    4  11.2212 THz  -0.5144 -0.0000  0.2572 -0.0000  0.2572 -0.0000  0.6341 -0.0000 -0.3170 -0.0000 -0.3170 -0.0000
    5  20.6345 THz   0.3638  0.0000  0.3638  0.0000  0.3638  0.0000 -0.4483  0.0000 -0.4483  0.0000 -0.4483  0.0000
