
Used Primitive lattice vector

    1.594090000000     -2.761040000000      0.000000000000  
   -3.188170000000      0.000000000000      0.000000000000  
    0.000000000000      0.000000000000     -5.186410000000  

   2 Atom(s) in the Primitive cell

 0.0000000000 0.0000000000 0.0000000000 Mg    0
 0.6666666600 0.3333333400 0.5000000000 Mg    1


 Q=  0.156830  0.271637  0.096406, q= -0.500000 -0.500000 -0.500000

                       Mg X   0        Mg Y   0        Mg Z   0        Mg X   1        Mg Y   1        Mg Z   1     
                    --------------- --------------- --------------- --------------- --------------- ---------------
    0   4.6548 THz   0.1367  0.0000  0.2367  0.0000  0.0000 -0.0000  0.1751  0.4479  0.3033  0.7758  0.0000  0.0000
    1   4.6548 THz  -0.4810  0.0000 -0.8330  0.0000  0.0000 -0.0000  0.0498  0.1273  0.0862  0.2205  0.0000 -0.0000
    2   4.7585 THz   0.3768  0.0000 -0.2176  0.0000 -0.0929  0.1615 -0.0695 -0.0399  0.0401  0.0231  0.0000  0.8760
    3   4.7585 THz  -0.0801  0.0000  0.0463 -0.0000 -0.4367  0.7594 -0.3267 -0.1878  0.1886  0.1085 -0.0000 -0.1863
    4   7.6893 THz   0.7756  0.0000 -0.4478 -0.0000  0.0000 -0.0000 -0.0000 -0.0000  0.0000  0.0000  0.0000 -0.4448
    5   7.6893 THz  -0.0000  0.0000  0.0000  0.0000  0.0582 -0.4410 -0.7689 -0.1015  0.4440  0.0586  0.0000  0.0000


 Q=  0.156830  0.271637  0.000000, q= -0.500000 -0.500000  0.000000

                       Mg X   0        Mg Y   0        Mg Z   0        Mg X   1        Mg Y   1        Mg Z   1     
                    --------------- --------------- --------------- --------------- --------------- ---------------
    0   3.7447 THz   0.3536  0.0000  0.6124  0.0000 -0.0000 -0.0000 -0.3536  0.0000 -0.6124  0.0000  0.0000 -0.0000
    1   3.9218 THz   0.0000  0.0000  0.0000  0.0000  0.7071  0.0000 -0.0000  0.0000 -0.0000  0.0000 -0.7071  0.0000
    2   5.4805 THz  -0.3536  0.0000 -0.6124  0.0000 -0.0000 -0.0000 -0.3536  0.0000 -0.6124  0.0000 -0.0000  0.0000
    3   5.9257 THz   0.0000  0.0000  0.0000 -0.0000 -0.7071 -0.0000  0.0000 -0.0000  0.0000 -0.0000 -0.7071  0.0000
    4   6.7534 THz  -0.6124  0.0000  0.3536  0.0000 -0.0000 -0.0000 -0.6124  0.0000  0.3536 -0.0000 -0.0000 -0.0000
    5   7.2537 THz  -0.6124  0.0000  0.3536 -0.0000  0.0000  0.0000  0.6124 -0.0000 -0.3536  0.0000  0.0000  0.0000


 Q=  0.000000  0.181091  0.096406, q= -0.500000  0.000000 -0.500000

                       Mg X   0        Mg Y   0        Mg Z   0        Mg X   1        Mg Y   1        Mg Z   1     
                    --------------- --------------- --------------- --------------- --------------- ---------------
    0   4.6548 THz  -0.0000  0.0000  0.0000 -0.0000 -0.0000  0.0000  0.5882 -0.8087  0.0000 -0.0000  0.0000  0.0000
    1   4.6548 THz   1.0000  0.0000  0.0000  0.0000 -0.0000 -0.0000  0.0000 -0.0000 -0.0000  0.0000 -0.0000 -0.0000
    2   4.7585 THz  -0.0000  0.0000  0.4146  0.0000 -0.3144 -0.0806 -0.0000 -0.0000  0.1152  0.1127 -0.7229 -0.4174
    3   4.7585 THz   0.0000 -0.0000 -0.1612 -0.0000 -0.8086 -0.2072 -0.0000 -0.0000  0.2963  0.2899  0.2811  0.1623
    4   7.6893 THz  -0.0000  0.0000 -0.0000  0.0000  0.2626  0.3590 -0.0000 -0.0000  0.0965  0.8904 -0.0000 -0.0000
    5   7.6893 THz   0.0000  0.0000 -0.8956  0.0000 -0.0000 -0.0000  0.0000 -0.0000  0.0000 -0.0000 -0.3852 -0.2224


 Q=  0.000000  0.181091  0.000000, q= -0.500000  0.000000  0.000000

                       Mg X   0        Mg Y   0        Mg Z   0        Mg X   1        Mg Y   1        Mg Z   1     
                    --------------- --------------- --------------- --------------- --------------- ---------------
    0   3.7447 THz   0.7071  0.0000  0.0000  0.0000  0.0000 -0.0000  0.3536 -0.6124  0.0000 -0.0000  0.0000 -0.0000
    1   3.9218 THz  -0.0000  0.0000 -0.0000 -0.0000  0.6893 -0.1577 -0.0000  0.0000  0.0000  0.0000  0.2081 -0.6758
    2   5.4805 THz   0.7071  0.0000  0.0000 -0.0000 -0.0000  0.0000 -0.3536  0.6124 -0.0000  0.0000  0.0000 -0.0000
    3   5.9257 THz   0.0000  0.0000 -0.0000  0.0000  0.6163 -0.3467 -0.0000  0.0000  0.0000  0.0000 -0.0079  0.7071
    4   6.7534 THz   0.0000  0.0000 -0.7071  0.0000 -0.0000  0.0000 -0.0000  0.0000  0.3536 -0.6124 -0.0000 -0.0000
    5   7.2537 THz   0.0000  0.0000 -0.7071  0.0000 -0.0000 -0.0000  0.0000 -0.0000 -0.3536  0.6124  0.0000 -0.0000


 Q=  0.156830  0.090546  0.096406, q=  0.000000 -0.500000 -0.500000

                       Mg X   0        Mg Y   0        Mg Z   0        Mg X   1        Mg Y   1        Mg Z   1     
                    --------------- --------------- --------------- --------------- --------------- ---------------
    0   4.6548 THz  -0.0183  0.0000  0.0316 -0.0000 -0.0000  0.0000 -0.2260 -0.4456  0.3914  0.7719  0.0000 -0.0000
    1   4.6548 THz   0.4997  0.0000 -0.8654 -0.0000 -0.0000  0.0000 -0.0083 -0.0163  0.0143  0.0282 -0.0000  0.0000
    2   4.7585 THz   0.1032  0.0000  0.0596  0.0000 -0.8625  0.0254  0.3158 -0.1949  0.1824 -0.1126 -0.2078  0.1200
    3   4.7585 THz  -0.3712  0.0000 -0.2143 -0.0000 -0.2399  0.0071  0.0878 -0.0542  0.0507 -0.0313  0.7473 -0.4314
    4   7.6893 THz   0.0000  0.0000 -0.0000 -0.0000 -0.1584 -0.4157 -0.6016 -0.4895 -0.3474 -0.2826  0.0000  0.0000
    5   7.6893 THz   0.7756  0.0000  0.4478 -0.0000  0.0000  0.0000  0.0000  0.0000  0.0000  0.0000  0.3852 -0.2224


 Q=  0.156830  0.090546  0.000000, q=  0.000000 -0.500000  0.000000

                       Mg X   0        Mg Y   0        Mg Z   0        Mg X   1        Mg Y   1        Mg Z   1     
                    --------------- --------------- --------------- --------------- --------------- ---------------
    0   3.7447 THz   0.3536  0.0000 -0.6124  0.0000  0.0000 -0.0000  0.1768  0.3062 -0.3062 -0.5303  0.0000  0.0000
    1   3.9218 THz   0.0000  0.0000 -0.0000 -0.0000 -0.5564  0.4364  0.0000  0.0000 -0.0000 -0.0000 -0.6561 -0.2636
    2   5.4805 THz   0.3536  0.0000 -0.6124 -0.0000 -0.0000  0.0000 -0.1768 -0.3062  0.3062  0.5303  0.0000  0.0000
    3   5.9257 THz   0.0000  0.0000 -0.0000  0.0000  0.2949 -0.6427 -0.0000 -0.0000  0.0000  0.0000 -0.7040  0.0660
    4   6.7534 THz   0.6124  0.0000  0.3536  0.0000  0.0000  0.0000 -0.3062 -0.5303 -0.1768 -0.3062  0.0000 -0.0000
    5   7.2537 THz   0.6124  0.0000  0.3536  0.0000 -0.0000 -0.0000  0.3062  0.5303  0.1768  0.3062  0.0000  0.0000


 Q=  0.000000  0.000000  0.096406, q=  0.000000  0.000000 -0.500000

                       Mg X   0        Mg Y   0        Mg Z   0        Mg X   1        Mg Y   1        Mg Z   1     
                    --------------- --------------- --------------- --------------- --------------- ---------------
    0   2.8262 THz   0.9225  0.0000  0.3809 -0.0000 -0.0000  0.0000  0.0569  0.0079  0.0235  0.0033 -0.0000 -0.0000
    1   2.8262 THz  -0.0575  0.0000 -0.0237 -0.0000 -0.0000  0.0000  0.9138  0.1265  0.3773  0.0522 -0.0000  0.0000
    2   2.8262 THz  -0.0200  0.0000  0.0486  0.0000 -0.0000  0.0000 -0.3594 -0.1266  0.8706  0.3067  0.0000 -0.0000
    3   2.8262 THz   0.3811  0.0000 -0.9230  0.0000 -0.0000  0.0000 -0.0189 -0.0067  0.0458  0.0161  0.0000  0.0000
    4   4.7851 THz   0.0000  0.0000 -0.0000  0.0000  0.0000  0.0000  0.0000  0.0000 -0.0000  0.0000  0.0000 -1.0000
    5   4.7851 THz  -0.0000 -0.0000  0.0000  0.0000  0.9828  0.1845  0.0000 -0.0000 -0.0000  0.0000  0.0000  0.0000


 Q=  0.000000  0.000000  0.000000, q=  0.000000  0.000000  0.000000

                       Mg X   0        Mg Y   0        Mg Z   0        Mg X   1        Mg Y   1        Mg Z   1     
                    --------------- --------------- --------------- --------------- --------------- ---------------
    0   0.0000 THz  -0.0502  0.0000 -0.0840  0.0000 -0.7003  0.0000 -0.0502  0.0000 -0.0840  0.0000 -0.7003  0.0000
    1  -0.0000 THz   0.7023  0.0000  0.0595  0.0000 -0.0575  0.0000  0.7023  0.0000  0.0595  0.0000 -0.0575  0.0000
    2  -0.0000 THz   0.0657  0.0000 -0.6996  0.0000  0.0792  0.0000  0.0657  0.0000 -0.6996  0.0000  0.0792  0.0000
    3   3.7564 THz  -0.6406  0.0000 -0.2993  0.0000 -0.0000  0.0000  0.6406  0.0000  0.2993  0.0000  0.0000  0.0000
    4   3.7564 THz  -0.2993  0.0000  0.6406  0.0000  0.0000  0.0000  0.2993  0.0000 -0.6406  0.0000  0.0000  0.0000
    5   7.7322 THz   0.0000  0.0000  0.0000  0.0000 -0.7071  0.0000 -0.0000  0.0000 -0.0000  0.0000  0.7071  0.0000
