1.5940900000 -2.7610400000 0.0000000000
-3.1881700000 0.0000000000 0.0000000000
0.0000000000 0.0000000000 -5.1864100000
   3.188180   -5.522080    0.000000
  -6.376340    0.000000    0.000000
   0.000000    0.000000  -10.372820
16 8
Direct
   0.00000000  0.00000000  0.00000000	Mg
   0.00000000  0.00000000  0.50000000	Mg
   0.00000000  0.50000000  0.00000000	Mg
   0.00000000  0.50000000  0.50000000	Mg
   0.50000000  0.00000000  0.00000000	Mg
   0.50000000  0.00000000  0.50000000	Mg
   0.50000000  0.50000000  0.00000000	Mg
   0.50000000  0.50000000  0.50000000	Mg
   0.33333333  0.16666667  0.25000000	Mg
   0.33333333  0.16666667  0.75000000	Mg
   0.33333333  0.66666667  0.25000000	Mg
   0.33333333  0.66666667  0.75000000	Mg
   0.83333333  0.16666667  0.25000000	Mg
   0.83333333  0.16666667  0.75000000	Mg
   0.83333333  0.66666667  0.25000000	Mg
   0.83333333  0.66666667  0.75000000	Mg
 -2.8854016 5.10405e-06 0 0.0569279 0 0 1.4250333 0 0 -0.042757356 0 0 0.35620071 -0.61709496 0 0.016087236 0.033974015 0 0.35619609 0.61709107 0 0.016087479 -0.033974015 0 -0.027399999 -4.861e-07 -7.2915e-07 -0.027399999 -4.861e-07 7.2915e-07 0.0037517198 0 0 0.0037517198 0 0 0.18723114 -0.12391734 0.31294413 0.18723114 -0.12391734 -0.31294413 0.18723016 0.1239171 -0.3129434 0.18723016 0.1239171 0.3129434
 5.10405e-06 -2.8854096 0 0 0.056928143 0 0 -7.996345e-05 0 0 0.035702344 0 -0.61709496 1.0687579 0 0.033974015 -0.023142492 0 0.61709107 1.0687579 0 -0.033974015 -0.023142492 0 -4.861e-07 0.25877509 0.36135677 -4.861e-07 0.25877509 -0.36135677 0 0.0037517198 0 0 0.0037517198 0 -0.12391734 0.044143713 -0.18067851 -0.12391734 0.044143713 0.18067851 0.1239171 0.044143713 -0.18067851 0.1239171 0.044143713 0.18067851
 0 0 -2.7114218 0 0 0.085134582 0 0 0.028822813 0 0 -0.14432917 0 0 0.028822813 0 0 -0.14432917 0 0 0.028822813 0 0 -0.14432917 -7.2915e-07 0.36135677 0.49425092 7.2915e-07 -0.36135677 0.49425092 0 0 0.003650854 0 0 0.003650854 0.31294413 -0.18067851 0.49425092 -0.31294413 0.18067851 0.49425092 -0.3129434 -0.18067851 0.49425092 0.3129434 0.18067851 0.49425092
 0.0569279 0 0 -2.8854016 5.10405e-06 0 -0.042757356 0 0 1.4250333 0 0 0.016087236 0.033974015 0 0.35620071 -0.61709496 0 0.016087479 -0.033974015 0 0.35619609 0.61709107 0 -0.027399999 -4.861e-07 7.2915e-07 -0.027399999 -4.861e-07 -7.2915e-07 0.0037517198 0 0 0.0037517198 0 0 0.18723114 -0.12391734 -0.31294413 0.18723114 -0.12391734 0.31294413 0.18723016 0.1239171 0.3129434 0.18723016 0.1239171 -0.3129434
 0 0.056928143 0 5.10405e-06 -2.8854096 0 0 0.035702344 0 0 -7.996345e-05 0 0.033974015 -0.023142492 0 -0.61709496 1.0687579 0 -0.033974015 -0.023142492 0 0.61709107 1.0687579 0 -4.861e-07 0.25877509 -0.36135677 -4.861e-07 0.25877509 0.36135677 0 0.0037517198 0 0 0.0037517198 0 -0.12391734 0.044143713 0.18067851 -0.12391734 0.044143713 -0.18067851 0.1239171 0.044143713 0.18067851 0.1239171 0.044143713 -0.18067851
 0 0 0.085134582 0 0 -2.7114218 0 0 -0.14432917 0 0 0.028822813 0 0 -0.14432917 0 0 0.028822813 0 0 -0.14432917 0 0 0.028822813 7.2915e-07 -0.36135677 0.49425092 -7.2915e-07 0.36135677 0.49425092 0 0 0.003650854 0 0 0.003650854 -0.31294413 0.18067851 0.49425092 0.31294413 -0.18067851 0.49425092 0.3129434 0.18067851 0.49425092 -0.3129434 -0.18067851 0.49425092
 1.4250333 0 0 -0.042757356 0 0 -2.8854016 5.10405e-06 0 0.0569279 0 0 0.35619609 0.61709107 0 0.016087479 -0.033974015 0 0.35620071 -0.61709496 0 0.016087236 0.033974015 0 0.0037517198 0 0 0.0037517198 0 0 -0.027399999 -4.861e-07 -7.2915e-07 -0.027399999 -4.861e-07 7.2915e-07 0.18723016 0.1239171 -0.3129434 0.18723016 0.1239171 0.3129434 0.18723114 -0.12391734 0.31294413 0.18723114 -0.12391734 -0.31294413
 0 -7.996345e-05 0 0 0.035702344 0 5.10405e-06 -2.8854096 0 0 0.056928143 0 0.61709107 1.0687579 0 -0.033974015 -0.023142492 0 -0.61709496 1.0687579 0 0.033974015 -0.023142492 0 0 0.0037517198 0 0 0.0037517198 0 -4.861e-07 0.25877509 0.36135677 -4.861e-07 0.25877509 -0.36135677 0.1239171 0.044143713 -0.18067851 0.1239171 0.044143713 0.18067851 -0.12391734 0.044143713 -0.18067851 -0.12391734 0.044143713 0.18067851
 0 0 0.028822813 0 0 -0.14432917 0 0 -2.7114218 0 0 0.085134582 0 0 0.028822813 0 0 -0.14432917 0 0 0.028822813 0 0 -0.14432917 0 0 0.003650854 0 0 0.003650854 -7.2915e-07 0.36135677 0.49425092 7.2915e-07 -0.36135677 0.49425092 -0.3129434 -0.18067851 0.49425092 0.3129434 0.18067851 0.49425092 0.31294413 -0.18067851 0.49425092 -0.31294413 0.18067851 0.49425092
 -0.042757356 0 0 1.4250333 0 0 0.0569279 0 0 -2.8854016 5.10405e-06 0 0.016087479 -0.033974015 0 0.35619609 0.61709107 0 0.016087236 0.033974015 0 0.35620071 -0.61709496 0 0.0037517198 0 0 0.0037517198 0 0 -0.027399999 -4.861e-07 7.2915e-07 -0.027399999 -4.861e-07 -7.2915e-07 0.18723016 0.1239171 0.3129434 0.18723016 0.1239171 -0.3129434 0.18723114 -0.12391734 -0.31294413 0.18723114 -0.12391734 0.31294413
 0 0.035702344 0 0 -7.996345e-05 0 0 0.056928143 0 5.10405e-06 -2.8854096 0 -0.033974015 -0.023142492 0 0.61709107 1.0687579 0 0.033974015 -0.023142492 0 -0.61709496 1.0687579 0 0 0.0037517198 0 0 0.0037517198 0 -4.861e-07 0.25877509 -0.36135677 -4.861e-07 0.25877509 0.36135677 0.1239171 0.044143713 0.18067851 0.1239171 0.044143713 -0.18067851 -0.12391734 0.044143713 0.18067851 -0.12391734 0.044143713 -0.18067851
 0 0 -0.14432917 0 0 0.028822813 0 0 0.085134582 0 0 -2.7114218 0 0 -0.14432917 0 0 0.028822813 0 0 -0.14432917 0 0 0.028822813 0 0 0.003650854 0 0 0.003650854 7.2915e-07 -0.36135677 0.49425092 -7.2915e-07 0.36135677 0.49425092 0.3129434 0.18067851 0.49425092 -0.3129434 -0.18067851 0.49425092 -0.31294413 0.18067851 0.49425092 0.31294413 -0.18067851 0.49425092
 0.35620071 -0.61709496 0 0.016087236 0.033974015 0 0.35619609 0.61709107 0 0.016087479 -0.033974015 0 -2.8854016 5.10405e-06 0 0.0569279 0 0 1.4250333 0 0 -0.042757356 0 0 0.18723114 -0.12391734 0.31294413 0.18723114 -0.12391734 -0.31294413 0.18723016 0.1239171 -0.3129434 0.18723016 0.1239171 0.3129434 -0.027399999 -4.861e-07 -7.2915e-07 -0.027399999 -4.861e-07 7.2915e-07 0.0037517198 0 0 0.0037517198 0 0
 -0.61709496 1.0687579 0 0.033974015 -0.023142492 0 0.61709107 1.0687579 0 -0.033974015 -0.023142492 0 5.10405e-06 -2.8854096 0 0 0.056928143 0 0 -7.996345e-05 0 0 0.035702344 0 -0.12391734 0.044143713 -0.18067851 -0.12391734 0.044143713 0.18067851 0.1239171 0.044143713 -0.18067851 0.1239171 0.044143713 0.18067851 -4.861e-07 0.25877509 0.36135677 -4.861e-07 0.25877509 -0.36135677 0 0.0037517198 0 0 0.0037517198 0
 0 0 0.028822813 0 0 -0.14432917 0 0 0.028822813 0 0 -0.14432917 0 0 -2.7114218 0 0 0.085134582 0 0 0.028822813 0 0 -0.14432917 0.31294413 -0.18067851 0.49425092 -0.31294413 0.18067851 0.49425092 -0.3129434 -0.18067851 0.49425092 0.3129434 0.18067851 0.49425092 -7.2915e-07 0.36135677 0.49425092 7.2915e-07 -0.36135677 0.49425092 0 0 0.003650854 0 0 0.003650854
 0.016087236 0.033974015 0 0.35620071 -0.61709496 0 0.016087479 -0.033974015 0 0.35619609 0.61709107 0 0.0569279 0 0 -2.8854016 5.10405e-06 0 -0.042757356 0 0 1.4250333 0 0 0.18723114 -0.12391734 -0.31294413 0.18723114 -0.12391734 0.31294413 0.18723016 0.1239171 0.3129434 0.18723016 0.1239171 -0.3129434 -0.027399999 -4.861e-07 7.2915e-07 -0.027399999 -4.861e-07 -7.2915e-07 0.0037517198 0 0 0.0037517198 0 0
 0.033974015 -0.023142492 0 -0.61709496 1.0687579 0 -0.033974015 -0.023142492 0 0.61709107 1.0687579 0 0 0.056928143 0 5.10405e-06 -2.8854096 0 0 0.035702344 0 0 -7.996345e-05 0 -0.12391734 0.044143713 0.18067851 -0.12391734 0.044143713 -0.18067851 0.1239171 0.044143713 0.18067851 0.1239171 0.044143713 -0.18067851 -4.861e-07 0.25877509 -0.36135677 -4.861e-07 0.25877509 0.36135677 0 0.0037517198 0 0 0.0037517198 0
 0 0 -0.14432917 0 0 0.028822813 0 0 -0.14432917 0 0 0.028822813 0 0 0.085134582 0 0 -2.7114218 0 0 -0.14432917 0 0 0.028822813 -0.31294413 0.18067851 0.49425092 0.31294413 -0.18067851 0.49425092 0.3129434 0.18067851 0.49425092 -0.3129434 -0.18067851 0.49425092 7.2915e-07 -0.36135677 0.49425092 -7.2915e-07 0.36135677 0.49425092 0 0 0.003650854 0 0 0.003650854
 0.35619609 0.61709107 0 0.016087479 -0.033974015 0 0.35620071 -0.61709496 0 0.016087236 0.033974015 0 1.4250333 0 0 -0.042757356 0 0 -2.8854016 5.10405e-06 0 0.0569279 0 0 0.18723016 0.1239171 -0.3129434 0.18723016 0.1239171 0.3129434 0.18723114 -0.12391734 0.31294413 0.18723114 -0.12391734 -0.31294413 0.0037517198 0 0 0.0037517198 0 0 -0.027399999 -4.861e-07 -7.2915e-07 -0.027399999 -4.861e-07 7.2915e-07
 0.61709107 1.0687579 0 -0.033974015 -0.023142492 0 -0.61709496 1.0687579 0 0.033974015 -0.023142492 0 0 -7.996345e-05 0 0 0.035702344 0 5.10405e-06 -2.8854096 0 0 0.056928143 0 0.1239171 0.044143713 -0.18067851 0.1239171 0.044143713 0.18067851 -0.12391734 0.044143713 -0.18067851 -0.12391734 0.044143713 0.18067851 0 0.0037517198 0 0 0.0037517198 0 -4.861e-07 0.25877509 0.36135677 -4.861e-07 0.25877509 -0.36135677
 0 0 0.028822813 0 0 -0.14432917 0 0 0.028822813 0 0 -0.14432917 0 0 0.028822813 0 0 -0.14432917 0 0 -2.7114218 0 0 0.085134582 -0.3129434 -0.18067851 0.49425092 0.3129434 0.18067851 0.49425092 0.31294413 -0.18067851 0.49425092 -0.31294413 0.18067851 0.49425092 0 0 0.003650854 0 0 0.003650854 -7.2915e-07 0.36135677 0.49425092 7.2915e-07 -0.36135677 0.49425092
 0.016087479 -0.033974015 0 0.35619609 0.61709107 0 0.016087236 0.033974015 0 0.35620071 -0.61709496 0 -0.042757356 0 0 1.4250333 0 0 0.0569279 0 0 -2.8854016 5.10405e-06 0 0.18723016 0.1239171 0.3129434 0.18723016 0.1239171 -0.3129434 0.18723114 -0.12391734 -0.31294413 0.18723114 -0.12391734 0.31294413 0.0037517198 0 0 0.0037517198 0 0 -0.027399999 -4.861e-07 7.2915e-07 -0.027399999 -4.861e-07 -7.2915e-07
 -0.033974015 -0.023142492 0 0.61709107 1.0687579 0 0.033974015 -0.023142492 0 -0.61709496 1.0687579 0 0 0.035702344 0 0 -7.996345e-05 0 0 0.056928143 0 5.10405e-06 -2.8854096 0 0.1239171 0.044143713 0.18067851 0.1239171 0.044143713 -0.18067851 -0.12391734 0.044143713 0.18067851 -0.12391734 0.044143713 -0.18067851 0 0.0037517198 0 0 0.0037517198 0 -4.861e-07 0.25877509 -0.36135677 -4.861e-07 0.25877509 0.36135677
 0 0 -0.14432917 0 0 0.028822813 0 0 -0.14432917 0 0 0.028822813 0 0 -0.14432917 0 0 0.028822813 0 0 0.085134582 0 0 -2.7114218 0.3129434 0.18067851 0.49425092 -0.3129434 -0.18067851 0.49425092 -0.31294413 0.18067851 0.49425092 0.31294413 -0.18067851 0.49425092 0 0 0.003650854 0 0 0.003650854 7.2915e-07 -0.36135677 0.49425092 -7.2915e-07 0.36135677 0.49425092
 -0.027399999 -4.861e-07 -7.2915e-07 -0.027399999 -4.861e-07 7.2915e-07 0.0037517198 0 0 0.0037517198 0 0 0.18723114 -0.12391734 0.31294413 0.18723114 -0.12391734 -0.31294413 0.18723016 0.1239171 -0.3129434 0.18723016 0.1239171 0.3129434 -2.8854016 5.10405e-06 0 0.0569279 0 0 1.4250333 0 0 -0.042757356 0 0 0.35620071 -0.61709496 0 0.016087236 0.033974015 0 0.35619609 0.61709107 0 0.016087479 -0.033974015 0
 -4.861e-07 0.25877509 0.36135677 -4.861e-07 0.25877509 -0.36135677 0 0.0037517198 0 0 0.0037517198 0 -0.12391734 0.044143713 -0.18067851 -0.12391734 0.044143713 0.18067851 0.1239171 0.044143713 -0.18067851 0.1239171 0.044143713 0.18067851 5.10405e-06 -2.8854096 0 0 0.056928143 0 0 -7.996345e-05 0 0 0.035702344 0 -0.61709496 1.0687579 0 0.033974015 -0.023142492 0 0.61709107 1.0687579 0 -0.033974015 -0.023142492 0
 -7.2915e-07 0.36135677 0.49425092 7.2915e-07 -0.36135677 0.49425092 0 0 0.003650854 0 0 0.003650854 0.31294413 -0.18067851 0.49425092 -0.31294413 0.18067851 0.49425092 -0.3129434 -0.18067851 0.49425092 0.3129434 0.18067851 0.49425092 0 0 -2.7114218 0 0 0.085134582 0 0 0.028822813 0 0 -0.14432917 0 0 0.028822813 0 0 -0.14432917 0 0 0.028822813 0 0 -0.14432917
 -0.027399999 -4.861e-07 7.2915e-07 -0.027399999 -4.861e-07 -7.2915e-07 0.0037517198 0 0 0.0037517198 0 0 0.18723114 -0.12391734 -0.31294413 0.18723114 -0.12391734 0.31294413 0.18723016 0.1239171 0.3129434 0.18723016 0.1239171 -0.3129434 0.0569279 0 0 -2.8854016 5.10405e-06 0 -0.042757356 0 0 1.4250333 0 0 0.016087236 0.033974015 0 0.35620071 -0.61709496 0 0.016087479 -0.033974015 0 0.35619609 0.61709107 0
 -4.861e-07 0.25877509 -0.36135677 -4.861e-07 0.25877509 0.36135677 0 0.0037517198 0 0 0.0037517198 0 -0.12391734 0.044143713 0.18067851 -0.12391734 0.044143713 -0.18067851 0.1239171 0.044143713 0.18067851 0.1239171 0.044143713 -0.18067851 0 0.056928143 0 5.10405e-06 -2.8854096 0 0 0.035702344 0 0 -7.996345e-05 0 0.033974015 -0.023142492 0 -0.61709496 1.0687579 0 -0.033974015 -0.023142492 0 0.61709107 1.0687579 0
 7.2915e-07 -0.36135677 0.49425092 -7.2915e-07 0.36135677 0.49425092 0 0 0.003650854 0 0 0.003650854 -0.31294413 0.18067851 0.49425092 0.31294413 -0.18067851 0.49425092 0.3129434 0.18067851 0.49425092 -0.3129434 -0.18067851 0.49425092 0 0 0.085134582 0 0 -2.7114218 0 0 -0.14432917 0 0 0.028822813 0 0 -0.14432917 0 0 0.028822813 0 0 -0.14432917 0 0 0.028822813
 0.0037517198 0 0 0.0037517198 0 0 -0.027399999 -4.861e-07 -7.2915e-07 -0.027399999 -4.861e-07 7.2915e-07 0.18723016 0.1239171 -0.3129434 0.18723016 0.1239171 0.3129434 0.18723114 -0.12391734 0.31294413 0.18723114 -0.12391734 -0.31294413 1.4250333 0 0 -0.042757356 0 0 -2.8854016 5.10405e-06 0 0.0569279 0 0 0.35619609 0.61709107 0 0.016087479 -0.033974015 0 0.35620071 -0.61709496 0 0.016087236 0.033974015 0
 0 0.0037517198 0 0 0.0037517198 0 -4.861e-07 0.25877509 0.36135677 -4.861e-07 0.25877509 -0.36135677 0.1239171 0.044143713 -0.18067851 0.1239171 0.044143713 0.18067851 -0.12391734 0.044143713 -0.18067851 -0.12391734 0.044143713 0.18067851 0 -7.996345e-05 0 0 0.035702344 0 5.10405e-06 -2.8854096 0 0 0.056928143 0 0.61709107 1.0687579 0 -0.033974015 -0.023142492 0 -0.61709496 1.0687579 0 0.033974015 -0.023142492 0
 0 0 0.003650854 0 0 0.003650854 -7.2915e-07 0.36135677 0.49425092 7.2915e-07 -0.36135677 0.49425092 -0.3129434 -0.18067851 0.49425092 0.3129434 0.18067851 0.49425092 0.31294413 -0.18067851 0.49425092 -0.31294413 0.18067851 0.49425092 0 0 0.028822813 0 0 -0.14432917 0 0 -2.7114218 0 0 0.085134582 0 0 0.028822813 0 0 -0.14432917 0 0 0.028822813 0 0 -0.14432917
 0.0037517198 0 0 0.0037517198 0 0 -0.027399999 -4.861e-07 7.2915e-07 -0.027399999 -4.861e-07 -7.2915e-07 0.18723016 0.1239171 0.3129434 0.18723016 0.1239171 -0.3129434 0.18723114 -0.12391734 -0.31294413 0.18723114 -0.12391734 0.31294413 -0.042757356 0 0 1.4250333 0 0 0.0569279 0 0 -2.8854016 5.10405e-06 0 0.016087479 -0.033974015 0 0.35619609 0.61709107 0 0.016087236 0.033974015 0 0.35620071 -0.61709496 0
 0 0.0037517198 0 0 0.0037517198 0 -4.861e-07 0.25877509 -0.36135677 -4.861e-07 0.25877509 0.36135677 0.1239171 0.044143713 0.18067851 0.1239171 0.044143713 -0.18067851 -0.12391734 0.044143713 0.18067851 -0.12391734 0.044143713 -0.18067851 0 0.035702344 0 0 -7.996345e-05 0 0 0.056928143 0 5.10405e-06 -2.8854096 0 -0.033974015 -0.023142492 0 0.61709107 1.0687579 0 0.033974015 -0.023142492 0 -0.61709496 1.0687579 0
 0 0 0.003650854 0 0 0.003650854 7.2915e-07 -0.36135677 0.49425092 -7.2915e-07 0.36135677 0.49425092 0.3129434 0.18067851 0.49425092 -0.3129434 -0.18067851 0.49425092 -0.31294413 0.18067851 0.49425092 0.31294413 -0.18067851 0.49425092 0 0 -0.14432917 0 0 0.028822813 0 0 0.085134582 0 0 -2.7114218 0 0 -0.14432917 0 0 0.028822813 0 0 -0.14432917 0 0 0.028822813
 0.18723114 -0.12391734 0.31294413 0.18723114 -0.12391734 -0.31294413 0.18723016 0.1239171 -0.3129434 0.18723016 0.1239171 0.3129434 -0.027399999 -4.861e-07 -7.2915e-07 -0.027399999 -4.861e-07 7.2915e-07 0.0037517198 0 0 0.0037517198 0 0 0.35620071 -0.61709496 0 0.016087236 0.033974015 0 0.35619609 0.61709107 0 0.016087479 -0.033974015 0 -2.8854016 5.10405e-06 0 0.0569279 0 0 1.4250333 0 0 -0.042757356 0 0
 -0.12391734 0.044143713 -0.18067851 -0.12391734 0.044143713 0.18067851 0.1239171 0.044143713 -0.18067851 0.1239171 0.044143713 0.18067851 -4.861e-07 0.25877509 0.36135677 -4.861e-07 0.25877509 -0.36135677 0 0.0037517198 0 0 0.0037517198 0 -0.61709496 1.0687579 0 0.033974015 -0.023142492 0 0.61709107 1.0687579 0 -0.033974015 -0.023142492 0 5.10405e-06 -2.8854096 0 0 0.056928143 0 0 -7.996345e-05 0 0 0.035702344 0
 0.31294413 -0.18067851 0.49425092 -0.31294413 0.18067851 0.49425092 -0.3129434 -0.18067851 0.49425092 0.3129434 0.18067851 0.49425092 -7.2915e-07 0.36135677 0.49425092 7.2915e-07 -0.36135677 0.49425092 0 0 0.003650854 0 0 0.003650854 0 0 0.028822813 0 0 -0.14432917 0 0 0.028822813 0 0 -0.14432917 0 0 -2.7114218 0 0 0.085134582 0 0 0.028822813 0 0 -0.14432917
 0.18723114 -0.12391734 -0.31294413 0.18723114 -0.12391734 0.31294413 0.18723016 0.1239171 0.3129434 0.18723016 0.1239171 -0.3129434 -0.027399999 -4.861e-07 7.2915e-07 -0.027399999 -4.861e-07 -7.2915e-07 0.0037517198 0 0 0.0037517198 0 0 0.016087236 0.033974015 0 0.35620071 -0.61709496 0 0.016087479 -0.033974015 0 0.35619609 0.61709107 0 0.0569279 0 0 -2.8854016 5.10405e-06 0 -0.042757356 0 0 1.4250333 0 0
 -0.12391734 0.044143713 0.18067851 -0.12391734 0.044143713 -0.18067851 0.1239171 0.044143713 0.18067851 0.1239171 0.044143713 -0.18067851 -4.861e-07 0.25877509 -0.36135677 -4.861e-07 0.25877509 0.36135677 0 0.0037517198 0 0 0.0037517198 0 0.033974015 -0.023142492 0 -0.61709496 1.0687579 0 -0.033974015 -0.023142492 0 0.61709107 1.0687579 0 0 0.056928143 0 5.10405e-06 -2.8854096 0 0 0.035702344 0 0 -7.996345e-05 0
 -0.31294413 0.18067851 0.49425092 0.31294413 -0.18067851 0.49425092 0.3129434 0.18067851 0.49425092 -0.3129434 -0.18067851 0.49425092 7.2915e-07 -0.36135677 0.49425092 -7.2915e-07 0.36135677 0.49425092 0 0 0.003650854 0 0 0.003650854 0 0 -0.14432917 0 0 0.028822813 0 0 -0.14432917 0 0 0.028822813 0 0 0.085134582 0 0 -2.7114218 0 0 -0.14432917 0 0 0.028822813
 0.18723016 0.1239171 -0.3129434 0.18723016 0.1239171 0.3129434 0.18723114 -0.12391734 0.31294413 0.18723114 -0.12391734 -0.31294413 0.0037517198 0 0 0.0037517198 0 0 -0.027399999 -4.861e-07 -7.2915e-07 -0.027399999 -4.861e-07 7.2915e-07 0.35619609 0.61709107 0 0.016087479 -0.033974015 0 0.35620071 -0.61709496 0 0.016087236 0.033974015 0 1.4250333 0 0 -0.042757356 0 0 -2.8854016 5.10405e-06 0 0.0569279 0 0
 0.1239171 0.044143713 -0.18067851 0.1239171 0.044143713 0.18067851 -0.12391734 0.044143713 -0.18067851 -0.12391734 0.044143713 0.18067851 0 0.0037517198 0 0 0.0037517198 0 -4.861e-07 0.25877509 0.36135677 -4.861e-07 0.25877509 -0.36135677 0.61709107 1.0687579 0 -0.033974015 -0.023142492 0 -0.61709496 1.0687579 0 0.033974015 -0.023142492 0 0 -7.996345e-05 0 0 0.035702344 0 5.10405e-06 -2.8854096 0 0 0.056928143 0
 -0.3129434 -0.18067851 0.49425092 0.3129434 0.18067851 0.49425092 0.31294413 -0.18067851 0.49425092 -0.31294413 0.18067851 0.49425092 0 0 0.003650854 0 0 0.003650854 -7.2915e-07 0.36135677 0.49425092 7.2915e-07 -0.36135677 0.49425092 0 0 0.028822813 0 0 -0.14432917 0 0 0.028822813 0 0 -0.14432917 0 0 0.028822813 0 0 -0.14432917 0 0 -2.7114218 0 0 0.085134582
 0.18723016 0.1239171 0.3129434 0.18723016 0.1239171 -0.3129434 0.18723114 -0.12391734 -0.31294413 0.18723114 -0.12391734 0.31294413 0.0037517198 0 0 0.0037517198 0 0 -0.027399999 -4.861e-07 7.2915e-07 -0.027399999 -4.861e-07 -7.2915e-07 0.016087479 -0.033974015 0 0.35619609 0.61709107 0 0.016087236 0.033974015 0 0.35620071 -0.61709496 0 -0.042757356 0 0 1.4250333 0 0 0.0569279 0 0 -2.8854016 5.10405e-06 0
 0.1239171 0.044143713 0.18067851 0.1239171 0.044143713 -0.18067851 -0.12391734 0.044143713 0.18067851 -0.12391734 0.044143713 -0.18067851 0 0.0037517198 0 0 0.0037517198 0 -4.861e-07 0.25877509 -0.36135677 -4.861e-07 0.25877509 0.36135677 -0.033974015 -0.023142492 0 0.61709107 1.0687579 0 0.033974015 -0.023142492 0 -0.61709496 1.0687579 0 0 0.035702344 0 0 -7.996345e-05 0 0 0.056928143 0 5.10405e-06 -2.8854096 0
 0.3129434 0.18067851 0.49425092 -0.3129434 -0.18067851 0.49425092 -0.31294413 0.18067851 0.49425092 0.31294413 -0.18067851 0.49425092 0 0 0.003650854 0 0 0.003650854 7.2915e-07 -0.36135677 0.49425092 -7.2915e-07 0.36135677 0.49425092 0 0 -0.14432917 0 0 0.028822813 0 0 -0.14432917 0 0 0.028822813 0 0 -0.14432917 0 0 0.028822813 0 0 0.085134582 0 0 -2.7114218
      9.55643     9.55646   -16.29271    -0.00002     0.00000     0.00000
