
Used Primitive lattice vector

    0.000000000000      1.875000000000      1.875000000000  
    1.875000000000      0.000000000000      1.875000000000  
    1.875000000000      1.875000000000      0.000000000000  

   1 Atom(s) in the Primitive cell

 0.0000000000 0.0000000000 0.0000000000 Cu    0


 Q= -0.133333 -0.133333 -0.133333, q= -0.500000 -0.500000 -0.500000

                       Cu X   0        Cu Y   0        Cu Z   0     
                    --------------- --------------- ---------------
    0   2.7428 THz   0.7617  0.0000 -0.6344 -0.0000 -0.1316  0.0000
    1   2.9623 THz   0.2693  0.0000  0.4947  0.0000 -0.8263 -0.0000
    2   6.4241 THz   0.5893  0.0000  0.5940  0.0000  0.5476  0.0000


 Q=  0.133333 -0.133333 -0.133333, q= -0.500000  0.000000  0.000000

                       Cu X   0        Cu Y   0        Cu Z   0     
                    --------------- --------------- ---------------
    0   2.7550 THz  -0.3302  0.0000  0.4816  0.0000 -0.8118 -0.0000
    1   2.8305 THz   0.7433  0.0000  0.6628  0.0000  0.0909 -0.0000
    2   6.3019 THz  -0.5819  0.0000  0.5734  0.0000  0.5768  0.0000


 Q= -0.200000 -0.066667 -0.066667, q= -0.250000 -0.500000 -0.500000

                       Cu X   0        Cu Y   0        Cu Z   0     
                    --------------- --------------- ---------------
    0   3.5741 THz  -0.0528  0.0000  0.6955  0.0000 -0.7166 -0.0000
    1   4.0787 THz   0.5572  0.0000 -0.5750  0.0000 -0.5991 -0.0000
    2   5.9221 THz   0.8287  0.0000  0.4309 -0.0000  0.3572 -0.0000


 Q=  0.066667 -0.066667 -0.066667, q= -0.250000  0.000000  0.000000

                       Cu X   0        Cu Y   0        Cu Z   0     
                    --------------- --------------- ---------------
    0   1.9426 THz  -0.2544  0.0000  0.5456  0.0000 -0.7985 -0.0000
    1   1.9751 THz   0.7730  0.0000  0.6109  0.0000  0.1712 -0.0000
    2   4.6034 THz  -0.5812  0.0000  0.5736  0.0000  0.5772  0.0000


 Q= -0.266667  0.000000  0.000000, q=  0.000000 -0.500000 -0.500000

                       Cu X   0        Cu Y   0        Cu Z   0     
                    --------------- --------------- ---------------
    0   4.1103 THz  -0.0095  0.0000 -0.0335 -0.0000 -0.9994  0.0000
    1   4.2306 THz   0.0619  0.0000 -0.9975  0.0000  0.0328 -0.0000
    2   6.2338 THz   0.9980  0.0000  0.0615 -0.0000 -0.0115  0.0000


 Q=  0.000000  0.000000  0.000000, q=  0.000000  0.000000  0.000000

                       Cu X   0        Cu Y   0        Cu Z   0     
                    --------------- --------------- ---------------
    0   0.0000 THz   0.9648  0.0000  0.0909  0.0000 -0.2467  0.0000
    1  -0.0000 THz   0.2488  0.0000 -0.0124  0.0000  0.9685  0.0000
    2  -0.0000 THz   0.0850  0.0000 -0.9958  0.0000 -0.0346  0.0000


 Q= -0.333333  0.066667  0.066667, q=  0.250000 -0.500000 -0.500000

                       Cu X   0        Cu Y   0        Cu Z   0     
                    --------------- --------------- ---------------
    0   3.5741 THz  -0.0528  0.0000  0.6955 -0.0000 -0.7166  0.0000
    1   4.0787 THz   0.5572  0.0000 -0.5750 -0.0000 -0.5991  0.0000
    2   5.9221 THz   0.8287  0.0000  0.4309  0.0000  0.3572  0.0000


 Q= -0.066667  0.066667  0.066667, q=  0.250000  0.000000  0.000000

                       Cu X   0        Cu Y   0        Cu Z   0     
                    --------------- --------------- ---------------
    0   1.9426 THz  -0.2544  0.0000  0.5456 -0.0000 -0.7985  0.0000
    1   1.9751 THz   0.7730  0.0000  0.6109 -0.0000  0.1712  0.0000
    2   4.6034 THz  -0.5812  0.0000  0.5736 -0.0000  0.5772 -0.0000
