time=Sat Oct 17 07:31:15 2015 host=PC WINDOWS USER
 Yphon -pdis dfile.fcc -Born dielecfij.out -thr2 0.10 -expt exp01.dat -plot -bvec -nof -noNA -mall -Mass mass.1
time=Sat Oct 17 07:32:10 2015 host=PC WINDOWS USER
 Yphon -pdis dfile.fcc -Born dielecfij.out -thr2 0.11 -expt exp01.dat -plot -bvec -nof -noNA -mall -Mass mass.1
time=Sat Oct 17 07:32:22 2015 host=PC WINDOWS USER
 Yphon -pdis dfile.fcc -Born dielecfij.out -thr2 0.11 -expt exp01.dat -plot -nof -noNA -mall -Mass mass.1
time=Sat Oct 17 07:32:41 2015 host=PC WINDOWS USER
 Yphon -pdis dfile.fcc -Born dielecfij.out -thr2 0.12 -expt exp01.dat -plot -nof -noNA -mall -Mass mass.1
time=Sat Oct 17 07:44:13 2015 host=PC WINDOWS USER
 Yphon -pdis dfile.fcc -Born dielecfij.out -thr2 0.12 -expt exp01.dat -plot -nof -noNA -mall -Mass mass.1 -sqs
time=Sat Oct 17 07:44:21 2015 host=PC WINDOWS USER
 Yphon -pdis dfile.fcc -Born dielecfij.out -thr2 0.10 -expt exp01.dat -plot -nof -noNA -mall -Mass mass.1 -sqs
time=Sat Oct 17 07:57:27 2015 host=PC WINDOWS USER
 Yphon -pdis dfile.fcc -Born dielecfij.out -thr2 0.10 -expt exp01.dat -plot -nof -noNA -mall -Mass mass.1
time=Sat Oct 17 07:57:38 2015 host=PC WINDOWS USER
 Yphon -pdis dfile.fcc -Born dielecfij.out -thr2 0.10 -expt exp01.dat -plot -nof -noNA -mall -Mass mass.1 -bvec1
time=Sat Oct 17 07:59:14 2015 host=PC WINDOWS USER
 Yphon -pdis dfile.fcc -Born dielecfij.out -thr2 0.10 -expt exp01.dat -plot -nof -noNA -mall -Mass mass.1 -bvec1
time=Sat Oct 17 07:59:18 2015 host=PC WINDOWS USER
 Yphon -pdis dfile.fcc -Born dielecfij.out -thr2 0.10 -expt exp01.dat -plot -nof -noNA -mall -Mass mass.1 -bvec
time=Sat Oct 17 07:59:22 2015 host=PC WINDOWS USER
 Yphon -pdis dfile.fcc -Born dielecfij.out -thr2 0.10 -expt exp01.dat -plot -nof -noNA -mall -Mass mass.1 -bvec
time=Sat Oct 17 07:59:28 2015 host=PC WINDOWS USER
 Yphon -pdis dfile.fcc -Born dielecfij.out -thr2 0.10 -expt exp01.dat -plot -nof -noNA -mall -Mass mass.1
time=Sat Oct 17 07:59:42 2015 host=PC WINDOWS USER
 Yphon -pdis dfile.fcc -thr2 0.10 -expt exp01.dat -plot -nof -noNA -mall -Mass mass.1
time=Sat Oct 17 08:00:34 2015 host=PC WINDOWS USER
 Yphon -pdis dfile.fcc -thr2 0.05 -expt exp01.dat -plot -nof -noNA -mall -Mass mass.1
time=Sat Oct 17 08:01:08 2015 host=PC WINDOWS USER
 Yphon -pdis dfile.fcc -thr2 0.05 -expt exp01.dat -plot -nof -noNA -mall -Mass mass.1 -sqs
time=Sat Oct 17 08:05:59 2015 host=PC WINDOWS USER
 Yphon -pdis dfile.fcc -Born dielecfij.out -thr2 0.10 -expt exp01.dat -plot -nof -noNA -mall -Mass mass.1
time=Sat Oct 17 08:11:13 2015 host=PC WINDOWS USER
 Yphon -pdis dfile.fcc -Born dielecfij.out -thr2 0.10 -expt exp01.dat -plot -nof -noNA -mall -Mass mass.1 -debug
time=Sat Oct 17 08:11:28 2015 host=PC WINDOWS USER
 Yphon -pdis dfile.fcc -Born dielecfij.out -thr2 0.10 -expt exp01.dat -plot -nof -noNA -mall -Mass mass.1 -Debug
time=Sat Oct 17 08:12:56 2015 host=PC WINDOWS USER
 Yphon -pdis dfile.fcc -Born dielecfij.out -thr2 0.10 -expt exp01.dat -plot -nof -noNA -mall -Mass mass.1 -Debug
time=Sat Oct 17 08:16:07 2015 host=PC WINDOWS USER
 Yphon -pdis dfile.fcc -Born dielecfij.out -thr2 0.05 -expt exp01.dat -plot -nof -noNA -mall -Mass mass.1 -Debug
time=Sat Oct 17 08:16:12 2015 host=PC WINDOWS USER
 Yphon -pdis dfile.fcc -Born dielecfij.out -thr2 0.06 -expt exp01.dat -plot -nof -noNA -mall -Mass mass.1 -Debug
time=Sat Oct 17 08:31:57 2015 host=PC WINDOWS USER
 Yphon -pdis dfile.fcc -Born dielecfij.out -thr2 0.06 -expt exp01.dat -plot -nof -noNA -mall -Mass mass.1
time=Sat Oct 17 08:32:03 2015 host=PC WINDOWS USER
 Yphon -pdis dfile.fcc -Born dielecfij.out -thr2 0.06 -expt exp01.dat -plot -nof -noNA -mall -Mass mass.1 -sqs
time=Sat Oct 17 08:32:18 2015 host=PC WINDOWS USER
 Yphon -pdis dfile.fcc -Born dielecfij.out -thr2 0.06 -expt exp01.dat -plot -nof -noNA -mall -Mass mass.1 -sqs
time=Sat Oct 17 08:32:50 2015 host=PC WINDOWS USER
 Yphon -pdis dfile.fcc -Born dielecfij.out -thr2 0.07 -expt exp01.dat -plot -nof -noNA -mall -Mass mass.1 -sqs
time=Sat Oct 17 08:33:03 2015 host=PC WINDOWS USER
 Yphon -pdis dfile.fcc -Born dielecfij.out -thr2 0.10 -expt exp01.dat -plot -nof -noNA -mall -Mass mass.1 -sqs
time=Sat Oct 17 08:36:50 2015 host=PC WINDOWS USER
 Yphon -pdis dfile.fcc -Born dielecfij.out -thr2 0.10 -expt exp01.dat -plot -nof -noNA -mall -Mass mass.1 -sqs
time=Sat Oct 17 08:37:27 2015 host=PC WINDOWS USER
 Yphon -pdis dfile.fcc -Born dielecfij.out -thr2 0.10 -expt exp01.dat -plot -nof -noNA -mall -Mass mass.1 -sqs
time=Sat Oct 17 08:37:32 2015 host=PC WINDOWS USER
 Yphon -pdis dfile.fcc -Born dielecfij.out -thr2 0.10 -expt exp01.dat -plot -nof -noNA -mall -Mass mass.1 -sqs
time=Sat Oct 17 08:38:25 2015 host=PC WINDOWS USER
 Yphon -pdis dfile.fcc -Born dielecfij.out -thr2 0.10 -expt exp01.dat -plot -nof -noNA -mall -Mass mass.1 -sqs
time=Sat Oct 17 08:39:30 2015 host=PC WINDOWS USER
 Yphon -pdis dfile.fcc -Born dielecfij.out -thr2 0.10 -expt exp01.dat -plot -nof -noNA -mall -Mass mass.1 -sqs
time=Sat Oct 17 08:40:33 2015 host=PC WINDOWS USER
 Yphon -pdis dfile.fcc -Born dielecfij.out -thr2 0.10 -expt exp01.dat -plot -nof -noNA -mall -Mass mass.1 -sqs
time=Sat Oct 17 08:41:13 2015 host=PC WINDOWS USER
 Yphon -pdis dfile.fcc -Born dielecfij.out -thr2 0.10 -expt exp01.dat -plot -nof -noNA -mall -Mass mass.1 -sqs
time=Sat Oct 17 08:44:02 2015 host=PC WINDOWS USER
 Yphon -pdis dfile.fcc -Born dielecfij.out -thr2 0.10 -expt exp01.dat -plot -nof -noNA -mall -Mass mass.1 -sqs
time=Sat Oct 17 08:46:15 2015 host=PC WINDOWS USER
 Yphon -pdis dfile.fcc -Born dielecfij.out -thr2 0.10 -expt exp01.dat -plot -nof -noNA -mall -Mass mass.1 -sqs
time=Sat Oct 17 08:48:01 2015 host=PC WINDOWS USER
 Yphon -pdis dfile.fcc -Born dielecfij.out -thr2 0.10 -expt exp01.dat -plot -nof -noNA -mall -Mass mass.1 -sqs
time=Sat Oct 17 08:53:01 2015 host=PC WINDOWS USER
 Yphon -pdis dfile.fcc -Born dielecfij.out -thr2 0.10 -expt exp01.dat -plot -nof -noNA -mall -Mass mass.1 -sqs
time=Sat Oct 17 08:54:15 2015 host=PC WINDOWS USER
 Yphon -pdis dfile.fcc -Born dielecfij.out -thr2 0.10 -expt exp01.dat -plot -nof -noNA -mall -Mass mass.1 -sqs -Debug
time=Sat Oct 17 08:54:51 2015 host=PC WINDOWS USER
 Yphon -pdis dfile.fcc -Born dielecfij.out -thr2 0.10 -expt exp01.dat -plot -nof -noNA -mall -Mass mass.1 -sqs -Debug -bvec
time=Sat Oct 17 08:55:55 2015 host=PC WINDOWS USER
 Yphon -pdis dfile.fcc -Born dielecfij.out -thr2 0.10 -expt exp01.dat -plot -bvec -nof -noNA -mall -Mass mass.1 -sqs
time=Sat Oct 17 08:56:44 2015 host=PC WINDOWS USER
 Yphon -pdis dfile.fcc -Born dielecfij.out -thr2 0.10 -expt exp01.dat -plot -bvec -nof -noNA -mall -Mass mass.1
time=Sat Oct 17 08:57:56 2015 host=PC WINDOWS USER
 Yphon -pdis dfile.fcc -Born dielecfij.out -thr2 0.10 -expt exp01.dat -plot -bvec -nof -noNA -mall -Mass mass.1
time=Sat Oct 17 08:58:01 2015 host=PC WINDOWS USER
 Yphon -pdis dfile.fcc -Born dielecfij.out -thr2 0.10 -expt exp01.dat -plot -bvec -nof -noNA -mall -Mass mass.1 -sqs
time=Sat Oct 17 09:00:33 2015 host=PC WINDOWS USER
 Yphon -pdis dfile.fcc -Born dielecfij.out -thr2 0.10 -expt exp01.dat -plot -bvec -sqs -nof -noNA -mall -Mass mass.1
